2024-07-08 07:14:19.115 | main                      | INFO  | com.example.onlineshopproject.OnlineshopprojectApplication              -  Starting OnlineshopprojectApplication using Java 22.0.1 with PID 3999 (/Users/andrii.vytiahanets/Documents/Tel-Ran_by_Starta_Institute/onlineshopproject/target/classes started by andrii.vytiahanets in /Users/andrii.vytiahanets/Documents/Tel-Ran_by_Starta_Institute/onlineshopproject)
2024-07-08 07:14:19.131 | main                      | DEBUG | com.example.onlineshopproject.OnlineshopprojectApplication              -  Running with Spring Boot v3.3.0, Spring v6.1.8
2024-07-08 07:14:19.133 | main                      | INFO  | com.example.onlineshopproject.OnlineshopprojectApplication              -  No active profile set, falling back to 1 default profile: "default"
2024-07-08 07:14:23.231 | main                      | DEBUG | com.example.onlineshopproject.security.jwt.JwtFilter                    -  Filter 'jwtFilter' configured for use
2024-07-08 07:14:32.781 | main                      | INFO  | com.example.onlineshopproject.OnlineshopprojectApplication              -  Started OnlineshopprojectApplication in 15.463 seconds (process running for 17.608)
2024-07-08 07:14:50.136 | main                      | INFO  | com.example.onlineshopproject.OnlineshopprojectApplication              -  Starting OnlineshopprojectApplication using Java 22.0.1 with PID 4012 (/Users/andrii.vytiahanets/Documents/Tel-Ran_by_Starta_Institute/onlineshopproject/target/classes started by andrii.vytiahanets in /Users/andrii.vytiahanets/Documents/Tel-Ran_by_Starta_Institute/onlineshopproject)
2024-07-08 07:14:50.137 | main                      | DEBUG | com.example.onlineshopproject.OnlineshopprojectApplication              -  Running with Spring Boot v3.3.0, Spring v6.1.8
2024-07-08 07:14:50.138 | main                      | INFO  | com.example.onlineshopproject.OnlineshopprojectApplication              -  No active profile set, falling back to 1 default profile: "default"
2024-07-08 07:14:52.251 | main                      | DEBUG | com.example.onlineshopproject.security.jwt.JwtFilter                    -  Filter 'jwtFilter' configured for use
2024-07-08 07:14:57.146 | main                      | INFO  | com.example.onlineshopproject.OnlineshopprojectApplication              -  Started OnlineshopprojectApplication in 7.744 seconds (process running for 8.872)
2024-07-08 07:15:47.861 | main                      | INFO  | com.example.onlineshopproject.OnlineshopprojectApplication              -  Starting OnlineshopprojectApplication using Java 22.0.1 with PID 4031 (/Users/andrii.vytiahanets/Documents/Tel-Ran_by_Starta_Institute/onlineshopproject/target/classes started by andrii.vytiahanets in /Users/andrii.vytiahanets/Documents/Tel-Ran_by_Starta_Institute/onlineshopproject)
2024-07-08 07:15:47.862 | main                      | DEBUG | com.example.onlineshopproject.OnlineshopprojectApplication              -  Running with Spring Boot v3.3.0, Spring v6.1.8
2024-07-08 07:15:47.863 | main                      | INFO  | com.example.onlineshopproject.OnlineshopprojectApplication              -  No active profile set, falling back to 1 default profile: "default"
2024-07-08 07:15:50.030 | main                      | DEBUG | com.example.onlineshopproject.security.jwt.JwtFilter                    -  Filter 'jwtFilter' configured for use
2024-07-08 07:15:55.049 | main                      | INFO  | com.example.onlineshopproject.OnlineshopprojectApplication              -  Started OnlineshopprojectApplication in 7.966 seconds (process running for 9.024)
2024-07-08 13:03:00.110 | main                      | INFO  | com.example.onlineshopproject.OnlineshopprojectApplication              -  Starting OnlineshopprojectApplication using Java 22.0.1 with PID 1376 (/Users/andrii.vytiahanets/Documents/Tel-Ran_by_Starta_Institute/onlineshopproject/target/classes started by andrii.vytiahanets in /Users/andrii.vytiahanets/Documents/Tel-Ran_by_Starta_Institute/onlineshopproject)
2024-07-08 13:03:00.111 | main                      | DEBUG | com.example.onlineshopproject.OnlineshopprojectApplication              -  Running with Spring Boot v3.3.0, Spring v6.1.8
2024-07-08 13:03:00.112 | main                      | INFO  | com.example.onlineshopproject.OnlineshopprojectApplication              -  No active profile set, falling back to 1 default profile: "default"
2024-07-08 13:03:03.923 | main                      | DEBUG | com.example.onlineshopproject.security.jwt.JwtFilter                    -  Filter 'jwtFilter' configured for use
2024-07-08 13:03:11.821 | main                      | INFO  | com.example.onlineshopproject.OnlineshopprojectApplication              -  Started OnlineshopprojectApplication in 13.417 seconds (process running for 15.04)
2024-07-08 13:04:31.324 | http-nio-8080-exec-6      | ERROR | com.example.onlineshopproject.controller.advice.AdviceController        -  Exception: Required URI template variable 'id' for method parameter type Long is not present
2024-07-08 13:09:34.290 | main                      | INFO  | com.example.onlineshopproject.OnlineshopprojectApplication              -  Starting OnlineshopprojectApplication using Java 22.0.1 with PID 1448 (/Users/andrii.vytiahanets/Documents/Tel-Ran_by_Starta_Institute/onlineshopproject/target/classes started by andrii.vytiahanets in /Users/andrii.vytiahanets/Documents/Tel-Ran_by_Starta_Institute/onlineshopproject)
2024-07-08 13:09:34.378 | main                      | DEBUG | com.example.onlineshopproject.OnlineshopprojectApplication              -  Running with Spring Boot v3.3.0, Spring v6.1.8
2024-07-08 13:09:34.379 | main                      | INFO  | com.example.onlineshopproject.OnlineshopprojectApplication              -  No active profile set, falling back to 1 default profile: "default"
2024-07-08 13:09:37.204 | main                      | DEBUG | com.example.onlineshopproject.security.jwt.JwtFilter                    -  Filter 'jwtFilter' configured for use
2024-07-08 13:09:44.004 | main                      | INFO  | com.example.onlineshopproject.OnlineshopprojectApplication              -  Started OnlineshopprojectApplication in 10.626 seconds (process running for 12.092)
2024-07-08 13:10:02.706 | http-nio-8080-exec-10     | ERROR | com.example.onlineshopproject.controller.advice.AdviceController        -  Exception: Required URI template variable 'id' for method parameter type Long is not present
2024-07-08 13:10:30.612 | http-nio-8080-exec-1      | ERROR | com.example.onlineshopproject.controller.advice.AdviceController        -  Exception: Required URI template variable 'id' for method parameter type Long is not present
2024-07-08 13:11:08.802 | http-nio-8080-exec-5      | ERROR | com.example.onlineshopproject.controller.advice.AdviceController        -  Exception: Required URI template variable 'id' for method parameter type Long is not present
2024-07-08 13:11:40.871 | http-nio-8080-exec-8      | DEBUG | com.example.onlineshopproject.controller.UserController                 -  Getting all users.
2024-07-08 13:14:52.422 | main                      | INFO  | com.example.onlineshopproject.OnlineshopprojectApplication              -  Starting OnlineshopprojectApplication using Java 22.0.1 with PID 1511 (/Users/andrii.vytiahanets/Documents/Tel-Ran_by_Starta_Institute/onlineshopproject/target/classes started by andrii.vytiahanets in /Users/andrii.vytiahanets/Documents/Tel-Ran_by_Starta_Institute/onlineshopproject)
2024-07-08 13:14:52.423 | main                      | DEBUG | com.example.onlineshopproject.OnlineshopprojectApplication              -  Running with Spring Boot v3.3.0, Spring v6.1.8
2024-07-08 13:14:52.425 | main                      | INFO  | com.example.onlineshopproject.OnlineshopprojectApplication              -  No active profile set, falling back to 1 default profile: "default"
2024-07-08 13:14:55.258 | main                      | DEBUG | com.example.onlineshopproject.security.jwt.JwtFilter                    -  Filter 'jwtFilter' configured for use
2024-07-08 13:15:02.845 | main                      | INFO  | com.example.onlineshopproject.OnlineshopprojectApplication              -  Started OnlineshopprojectApplication in 11.499 seconds (process running for 13.028)
2024-07-08 13:15:19.896 | http-nio-8080-exec-1      | ERROR | com.example.onlineshopproject.controller.advice.AdviceController        -  Exception: Required URI template variable 'id' for method parameter type Long is not present
2024-07-08 13:15:49.927 | http-nio-8080-exec-2      | ERROR | com.example.onlineshopproject.controller.advice.AdviceController        -  Exception: JSON parse error: Cannot construct instance of `com.example.onlineshopproject.dto.UserRequestDto` (although at least one Creator exists): no String-argument constructor/factory method to deserialize from String value ('string')
2024-07-08 13:17:10.412 | http-nio-8080-exec-5      | ERROR | com.example.onlineshopproject.controller.advice.AdviceController        -  Exception: Required URI template variable 'userId' for method parameter type Long is not present
2024-07-08 13:17:46.212 | http-nio-8080-exec-7      | ERROR | com.example.onlineshopproject.controller.advice.AdviceController        -  Exception: Access Denied
2024-07-08 13:18:19.467 | http-nio-8080-exec-8      | ERROR | com.example.onlineshopproject.controller.advice.AdviceController        -  Exception: Required URI template variable 'id' for method parameter type Long is not present
2024-07-08 13:18:44.780 | http-nio-8080-exec-9      | ERROR | com.example.onlineshopproject.security.jwt.JwtProvider                  -  Неправильно сформированный jwt.
io.jsonwebtoken.MalformedJwtException: Invalid compact JWT string: Compact JWSs must contain exactly 2 period characters, and compact JWEs must contain exactly 4.  Found: 0
	at io.jsonwebtoken.impl.JwtTokenizer.tokenize(JwtTokenizer.java:102)
	at io.jsonwebtoken.impl.DefaultJwtParser.parse(DefaultJwtParser.java:370)
	at io.jsonwebtoken.impl.DefaultJwtParser.parse(DefaultJwtParser.java:362)
	at io.jsonwebtoken.impl.DefaultJwtParser.parse(DefaultJwtParser.java:94)
	at io.jsonwebtoken.impl.io.AbstractParser.parse(AbstractParser.java:36)
	at io.jsonwebtoken.impl.io.AbstractParser.parse(AbstractParser.java:29)
	at io.jsonwebtoken.impl.DefaultJwtParser.parseSignedClaims(DefaultJwtParser.java:821)
	at com.example.onlineshopproject.security.jwt.JwtProvider.validateToken(JwtProvider.java:71)
	at com.example.onlineshopproject.security.jwt.JwtProvider.validateRefreshToken(JwtProvider.java:63)
	at com.example.onlineshopproject.security.service.AuthServiceImpl.getAccessToken(AuthServiceImpl.java:44)
	at com.example.onlineshopproject.security.controller.AuthController.getNewAccessToken(AuthController.java:52)
	at java.base/jdk.internal.reflect.DirectMethodHandleAccessor.invoke(DirectMethodHandleAccessor.java:103)
	at java.base/java.lang.reflect.Method.invoke(Method.java:580)
	at org.springframework.web.method.support.InvocableHandlerMethod.doInvoke(InvocableHandlerMethod.java:255)
	at org.springframework.web.method.support.InvocableHandlerMethod.invokeForRequest(InvocableHandlerMethod.java:188)
	at org.springframework.web.servlet.mvc.method.annotation.ServletInvocableHandlerMethod.invokeAndHandle(ServletInvocableHandlerMethod.java:118)
	at org.springframework.web.servlet.mvc.method.annotation.RequestMappingHandlerAdapter.invokeHandlerMethod(RequestMappingHandlerAdapter.java:926)
	at org.springframework.web.servlet.mvc.method.annotation.RequestMappingHandlerAdapter.handleInternal(RequestMappingHandlerAdapter.java:831)
	at org.springframework.web.servlet.mvc.method.AbstractHandlerMethodAdapter.handle(AbstractHandlerMethodAdapter.java:87)
	at org.springframework.web.servlet.DispatcherServlet.doDispatch(DispatcherServlet.java:1089)
	at org.springframework.web.servlet.DispatcherServlet.doService(DispatcherServlet.java:979)
	at org.springframework.web.servlet.FrameworkServlet.processRequest(FrameworkServlet.java:1014)
	at org.springframework.web.servlet.FrameworkServlet.doPost(FrameworkServlet.java:914)
	at jakarta.servlet.http.HttpServlet.service(HttpServlet.java:590)
	at org.springframework.web.servlet.FrameworkServlet.service(FrameworkServlet.java:885)
	at jakarta.servlet.http.HttpServlet.service(HttpServlet.java:658)
	at org.apache.catalina.core.ApplicationFilterChain.internalDoFilter(ApplicationFilterChain.java:195)
	at org.apache.catalina.core.ApplicationFilterChain.doFilter(ApplicationFilterChain.java:140)
	at org.apache.tomcat.websocket.server.WsFilter.doFilter(WsFilter.java:51)
	at org.apache.catalina.core.ApplicationFilterChain.internalDoFilter(ApplicationFilterChain.java:164)
	at org.apache.catalina.core.ApplicationFilterChain.doFilter(ApplicationFilterChain.java:140)
	at com.example.onlineshopproject.security.jwt.JwtFilter.doFilter(JwtFilter.java:34)
	at org.apache.catalina.core.ApplicationFilterChain.internalDoFilter(ApplicationFilterChain.java:164)
	at org.apache.catalina.core.ApplicationFilterChain.doFilter(ApplicationFilterChain.java:140)
	at org.springframework.web.filter.CompositeFilter$VirtualFilterChain.doFilter(CompositeFilter.java:108)
	at org.springframework.security.web.FilterChainProxy.lambda$doFilterInternal$3(FilterChainProxy.java:231)
	at org.springframework.security.web.FilterChainProxy$VirtualFilterChain.doFilter(FilterChainProxy.java:365)
	at org.springframework.security.web.access.intercept.AuthorizationFilter.doFilter(AuthorizationFilter.java:100)
	at org.springframework.security.web.FilterChainProxy$VirtualFilterChain.doFilter(FilterChainProxy.java:374)
	at org.springframework.security.web.access.ExceptionTranslationFilter.doFilter(ExceptionTranslationFilter.java:126)
	at org.springframework.security.web.access.ExceptionTranslationFilter.doFilter(ExceptionTranslationFilter.java:120)
	at org.springframework.security.web.FilterChainProxy$VirtualFilterChain.doFilter(FilterChainProxy.java:374)
	at org.springframework.security.web.session.SessionManagementFilter.doFilter(SessionManagementFilter.java:131)
	at org.springframework.security.web.session.SessionManagementFilter.doFilter(SessionManagementFilter.java:85)
	at org.springframework.security.web.FilterChainProxy$VirtualFilterChain.doFilter(FilterChainProxy.java:374)
	at org.springframework.security.web.authentication.AnonymousAuthenticationFilter.doFilter(AnonymousAuthenticationFilter.java:100)
	at org.springframework.security.web.FilterChainProxy$VirtualFilterChain.doFilter(FilterChainProxy.java:374)
	at org.springframework.security.web.servletapi.SecurityContextHolderAwareRequestFilter.doFilter(SecurityContextHolderAwareRequestFilter.java:179)
	at org.springframework.security.web.FilterChainProxy$VirtualFilterChain.doFilter(FilterChainProxy.java:374)
	at org.springframework.security.web.savedrequest.RequestCacheAwareFilter.doFilter(RequestCacheAwareFilter.java:63)
	at org.springframework.security.web.FilterChainProxy$VirtualFilterChain.doFilter(FilterChainProxy.java:374)
	at org.springframework.security.web.authentication.www.BasicAuthenticationFilter.doFilterInternal(BasicAuthenticationFilter.java:181)
	at org.springframework.web.filter.OncePerRequestFilter.doFilter(OncePerRequestFilter.java:116)
	at org.springframework.security.web.FilterChainProxy$VirtualFilterChain.doFilter(FilterChainProxy.java:374)
	at com.example.onlineshopproject.security.jwt.JwtFilter.doFilter(JwtFilter.java:34)
	at org.springframework.security.web.FilterChainProxy$VirtualFilterChain.doFilter(FilterChainProxy.java:374)
	at org.springframework.security.web.authentication.logout.LogoutFilter.doFilter(LogoutFilter.java:107)
	at org.springframework.security.web.authentication.logout.LogoutFilter.doFilter(LogoutFilter.java:93)
	at org.springframework.security.web.FilterChainProxy$VirtualFilterChain.doFilter(FilterChainProxy.java:374)
	at org.springframework.web.filter.CorsFilter.doFilterInternal(CorsFilter.java:91)
	at org.springframework.web.filter.OncePerRequestFilter.doFilter(OncePerRequestFilter.java:116)
	at org.springframework.security.web.FilterChainProxy$VirtualFilterChain.doFilter(FilterChainProxy.java:374)
	at org.springframework.security.web.header.HeaderWriterFilter.doHeadersAfter(HeaderWriterFilter.java:90)
	at org.springframework.security.web.header.HeaderWriterFilter.doFilterInternal(HeaderWriterFilter.java:75)
	at org.springframework.web.filter.OncePerRequestFilter.doFilter(OncePerRequestFilter.java:116)
	at org.springframework.security.web.FilterChainProxy$VirtualFilterChain.doFilter(FilterChainProxy.java:374)
	at org.springframework.security.web.context.SecurityContextHolderFilter.doFilter(SecurityContextHolderFilter.java:82)
	at org.springframework.security.web.context.SecurityContextHolderFilter.doFilter(SecurityContextHolderFilter.java:69)
	at org.springframework.security.web.FilterChainProxy$VirtualFilterChain.doFilter(FilterChainProxy.java:374)
	at org.springframework.security.web.context.request.async.WebAsyncManagerIntegrationFilter.doFilterInternal(WebAsyncManagerIntegrationFilter.java:62)
	at org.springframework.web.filter.OncePerRequestFilter.doFilter(OncePerRequestFilter.java:116)
	at org.springframework.security.web.FilterChainProxy$VirtualFilterChain.doFilter(FilterChainProxy.java:374)
	at org.springframework.security.web.session.DisableEncodeUrlFilter.doFilterInternal(DisableEncodeUrlFilter.java:42)
	at org.springframework.web.filter.OncePerRequestFilter.doFilter(OncePerRequestFilter.java:116)
	at org.springframework.security.web.FilterChainProxy$VirtualFilterChain.doFilter(FilterChainProxy.java:374)
	at org.springframework.security.web.FilterChainProxy.doFilterInternal(FilterChainProxy.java:233)
	at org.springframework.security.web.FilterChainProxy.doFilter(FilterChainProxy.java:191)
	at org.springframework.web.filter.CompositeFilter$VirtualFilterChain.doFilter(CompositeFilter.java:113)
	at org.springframework.web.servlet.handler.HandlerMappingIntrospector.lambda$createCacheFilter$3(HandlerMappingIntrospector.java:195)
	at org.springframework.web.filter.CompositeFilter$VirtualFilterChain.doFilter(CompositeFilter.java:113)
	at org.springframework.web.filter.CompositeFilter.doFilter(CompositeFilter.java:74)
	at org.springframework.security.config.annotation.web.configuration.WebMvcSecurityConfiguration$CompositeFilterChainProxy.doFilter(WebMvcSecurityConfiguration.java:230)
	at org.springframework.web.filter.DelegatingFilterProxy.invokeDelegate(DelegatingFilterProxy.java:352)
	at org.springframework.web.filter.DelegatingFilterProxy.doFilter(DelegatingFilterProxy.java:268)
	at org.apache.catalina.core.ApplicationFilterChain.internalDoFilter(ApplicationFilterChain.java:164)
	at org.apache.catalina.core.ApplicationFilterChain.doFilter(ApplicationFilterChain.java:140)
	at org.springframework.web.filter.RequestContextFilter.doFilterInternal(RequestContextFilter.java:100)
	at org.springframework.web.filter.OncePerRequestFilter.doFilter(OncePerRequestFilter.java:116)
	at org.apache.catalina.core.ApplicationFilterChain.internalDoFilter(ApplicationFilterChain.java:164)
	at org.apache.catalina.core.ApplicationFilterChain.doFilter(ApplicationFilterChain.java:140)
	at org.springframework.web.filter.FormContentFilter.doFilterInternal(FormContentFilter.java:93)
	at org.springframework.web.filter.OncePerRequestFilter.doFilter(OncePerRequestFilter.java:116)
	at org.apache.catalina.core.ApplicationFilterChain.internalDoFilter(ApplicationFilterChain.java:164)
	at org.apache.catalina.core.ApplicationFilterChain.doFilter(ApplicationFilterChain.java:140)
	at org.springframework.web.filter.CharacterEncodingFilter.doFilterInternal(CharacterEncodingFilter.java:201)
	at org.springframework.web.filter.OncePerRequestFilter.doFilter(OncePerRequestFilter.java:116)
	at org.apache.catalina.core.ApplicationFilterChain.internalDoFilter(ApplicationFilterChain.java:164)
	at org.apache.catalina.core.ApplicationFilterChain.doFilter(ApplicationFilterChain.java:140)
	at org.apache.catalina.core.StandardWrapperValve.invoke(StandardWrapperValve.java:167)
	at org.apache.catalina.core.StandardContextValve.invoke(StandardContextValve.java:90)
	at org.apache.catalina.authenticator.AuthenticatorBase.invoke(AuthenticatorBase.java:482)
	at org.apache.catalina.core.StandardHostValve.invoke(StandardHostValve.java:115)
	at org.apache.catalina.valves.ErrorReportValve.invoke(ErrorReportValve.java:93)
	at org.apache.catalina.core.StandardEngineValve.invoke(StandardEngineValve.java:74)
	at org.apache.catalina.connector.CoyoteAdapter.service(CoyoteAdapter.java:344)
	at org.apache.coyote.http11.Http11Processor.service(Http11Processor.java:389)
	at org.apache.coyote.AbstractProcessorLight.process(AbstractProcessorLight.java:63)
	at org.apache.coyote.AbstractProtocol$ConnectionHandler.process(AbstractProtocol.java:896)
	at org.apache.tomcat.util.net.NioEndpoint$SocketProcessor.doRun(NioEndpoint.java:1741)
	at org.apache.tomcat.util.net.SocketProcessorBase.run(SocketProcessorBase.java:52)
	at org.apache.tomcat.util.threads.ThreadPoolExecutor.runWorker(ThreadPoolExecutor.java:1190)
	at org.apache.tomcat.util.threads.ThreadPoolExecutor$Worker.run(ThreadPoolExecutor.java:659)
	at org.apache.tomcat.util.threads.TaskThread$WrappingRunnable.run(TaskThread.java:63)
	at java.base/java.lang.Thread.run(Thread.java:1570)
2024-07-08 13:19:50.074 | http-nio-8080-exec-1      | ERROR | com.example.onlineshopproject.controller.advice.AdviceController        -  Exception: Cannot invoke "com.example.onlineshopproject.dto.UserRequestDto.getPasswordHash()" because "userRequestDto" is null
2024-07-08 13:20:16.782 | http-nio-8080-exec-2      | ERROR | com.example.onlineshopproject.controller.advice.AdviceController        -  Exception: Cannot invoke "com.example.onlineshopproject.dto.UserRequestDto.getPasswordHash()" because "userRequestDto" is null
2024-07-08 13:20:44.696 | http-nio-8080-exec-3      | ERROR | com.example.onlineshopproject.controller.advice.AdviceController        -  Exception: JSON parse error: Cannot construct instance of `com.example.onlineshopproject.dto.UserRequestDto` (although at least one Creator exists): no String-argument constructor/factory method to deserialize from String value ('string')
2024-07-08 13:22:37.295 | http-nio-8080-exec-5      | ERROR | com.example.onlineshopproject.controller.advice.AdviceController        -  Exception: Required URI template variable 'id' for method parameter type Long is not present
2024-07-08 13:24:16.187 | http-nio-8080-exec-7      | ERROR | com.example.onlineshopproject.controller.advice.AdviceController        -  Exception: Cannot invoke "com.example.onlineshopproject.dto.UserRequestDto.getPasswordHash()" because "userRequestDto" is null
2024-07-08 13:24:41.742 | http-nio-8080-exec-8      | ERROR | com.example.onlineshopproject.controller.advice.AdviceController        -  Exception: Неправильный пароль.
2024-07-08 13:25:14.525 | http-nio-8080-exec-9      | ERROR | com.example.onlineshopproject.controller.advice.AdviceController        -  Exception: Неправильный пароль.
2024-07-08 13:25:22.182 | http-nio-8080-exec-10     | ERROR | com.example.onlineshopproject.controller.advice.AdviceController        -  Exception: Неправильный пароль.
2024-07-08 13:25:28.529 | http-nio-8080-exec-1      | ERROR | com.example.onlineshopproject.controller.advice.AdviceController        -  Exception: Неправильный пароль.
2024-07-08 13:35:49.067 | http-nio-8080-exec-3      | ERROR | com.example.onlineshopproject.controller.advice.AdviceController        -  Exception: Неправильный пароль.
2024-07-08 13:36:17.962 | http-nio-8080-exec-4      | ERROR | com.example.onlineshopproject.controller.advice.AdviceController        -  Exception: rawPassword cannot be null
2024-07-08 13:36:27.856 | http-nio-8080-exec-5      | ERROR | com.example.onlineshopproject.controller.advice.AdviceController        -  Exception: Неправильный пароль.
2024-07-08 13:37:01.472 | http-nio-8080-exec-6      | ERROR | com.example.onlineshopproject.controller.advice.AdviceController        -  Exception: Неправильный пароль.
2024-07-08 13:42:20.486 | http-nio-8080-exec-3      | ERROR | com.example.onlineshopproject.controller.advice.AdviceController        -  Exception: JSON parse error: Cannot construct instance of `com.example.onlineshopproject.dto.UserRequestDto` (although at least one Creator exists): no String-argument constructor/factory method to deserialize from String value ('string')
2024-07-08 13:46:50.816 | http-nio-8080-exec-1      | DEBUG | com.example.onlineshopproject.controller.UserController                 -  Getting all users.
2024-07-08 13:47:03.531 | http-nio-8080-exec-2      | ERROR | com.example.onlineshopproject.controller.advice.AdviceController        -  Exception: Required URI template variable 'id' for method parameter type Long is not present
2024-07-08 13:53:25.519 | main                      | INFO  | com.example.onlineshopproject.OnlineshopprojectApplication              -  Starting OnlineshopprojectApplication using Java 22.0.1 with PID 2656 (/Users/andrii.vytiahanets/Documents/Tel-Ran_by_Starta_Institute/onlineshopproject/target/classes started by andrii.vytiahanets in /Users/andrii.vytiahanets/Documents/Tel-Ran_by_Starta_Institute/onlineshopproject)
2024-07-08 13:53:25.521 | main                      | DEBUG | com.example.onlineshopproject.OnlineshopprojectApplication              -  Running with Spring Boot v3.3.0, Spring v6.1.8
2024-07-08 13:53:25.523 | main                      | INFO  | com.example.onlineshopproject.OnlineshopprojectApplication              -  No active profile set, falling back to 1 default profile: "default"
2024-07-08 13:53:29.353 | main                      | DEBUG | com.example.onlineshopproject.security.jwt.JwtFilter                    -  Filter 'jwtFilter' configured for use
2024-07-08 13:53:37.410 | main                      | INFO  | com.example.onlineshopproject.OnlineshopprojectApplication              -  Started OnlineshopprojectApplication in 12.908 seconds (process running for 14.408)
2024-07-08 13:53:59.806 | http-nio-8080-exec-10     | ERROR | com.example.onlineshopproject.controller.advice.AdviceController        -  Exception: JDBC exception executing SQL [select fes1_0.UserID,fes1_0.FavoritiesID,fes1_0.ProductID from Favorities fes1_0 where fes1_0.UserID=?] [Table 'onlineshopproject.favorities' doesn't exist] [n/a]; SQL [n/a]
2024-07-08 14:09:10.308 | main                      | INFO  | com.example.onlineshopproject.controller.UserControllerTest             -  Starting UserControllerTest using Java 22.0.1 with PID 3419 (started by andrii.vytiahanets in /Users/andrii.vytiahanets/Documents/Tel-Ran_by_Starta_Institute/onlineshopproject)
2024-07-08 14:09:10.310 | main                      | DEBUG | com.example.onlineshopproject.controller.UserControllerTest             -  Running with Spring Boot v3.3.0, Spring v6.1.8
2024-07-08 14:09:10.311 | main                      | INFO  | com.example.onlineshopproject.controller.UserControllerTest             -  No active profile set, falling back to 1 default profile: "default"
2024-07-08 15:56:45.067 | main                      | INFO  | com.example.onlineshopproject.controller.UserControllerTest             -  Starting UserControllerTest using Java 22.0.1 with PID 5460 (started by andrii.vytiahanets in /Users/andrii.vytiahanets/Documents/Tel-Ran_by_Starta_Institute/onlineshopproject)
2024-07-08 15:56:45.069 | main                      | DEBUG | com.example.onlineshopproject.controller.UserControllerTest             -  Running with Spring Boot v3.3.0, Spring v6.1.8
2024-07-08 15:56:45.070 | main                      | INFO  | com.example.onlineshopproject.controller.UserControllerTest             -  No active profile set, falling back to 1 default profile: "default"
2024-07-08 16:10:51.143 | main                      | INFO  | com.example.onlineshopproject.controller.UserControllerTest             -  Starting UserControllerTest using Java 22.0.1 with PID 5610 (started by andrii.vytiahanets in /Users/andrii.vytiahanets/Documents/Tel-Ran_by_Starta_Institute/onlineshopproject)
2024-07-08 16:10:51.145 | main                      | DEBUG | com.example.onlineshopproject.controller.UserControllerTest             -  Running with Spring Boot v3.3.0, Spring v6.1.8
2024-07-08 16:10:51.147 | main                      | INFO  | com.example.onlineshopproject.controller.UserControllerTest             -  No active profile set, falling back to 1 default profile: "default"
2024-07-08 16:14:31.018 | main                      | INFO  | com.example.onlineshopproject.controller.UserControllerTest             -  Starting UserControllerTest using Java 22.0.1 with PID 5637 (started by andrii.vytiahanets in /Users/andrii.vytiahanets/Documents/Tel-Ran_by_Starta_Institute/onlineshopproject)
2024-07-08 16:14:31.021 | main                      | DEBUG | com.example.onlineshopproject.controller.UserControllerTest             -  Running with Spring Boot v3.3.0, Spring v6.1.8
2024-07-08 16:14:31.027 | main                      | INFO  | com.example.onlineshopproject.controller.UserControllerTest             -  No active profile set, falling back to 1 default profile: "default"
2024-07-08 16:14:59.703 | main                      | INFO  | com.example.onlineshopproject.controller.UserControllerTest             -  Starting UserControllerTest using Java 22.0.1 with PID 5646 (started by andrii.vytiahanets in /Users/andrii.vytiahanets/Documents/Tel-Ran_by_Starta_Institute/onlineshopproject)
2024-07-08 16:14:59.704 | main                      | DEBUG | com.example.onlineshopproject.controller.UserControllerTest             -  Running with Spring Boot v3.3.0, Spring v6.1.8
2024-07-08 16:14:59.705 | main                      | INFO  | com.example.onlineshopproject.controller.UserControllerTest             -  No active profile set, falling back to 1 default profile: "default"
2024-07-08 16:16:51.978 | main                      | INFO  | com.example.onlineshopproject.controller.UserControllerTest             -  Starting UserControllerTest using Java 22.0.1 with PID 5663 (started by andrii.vytiahanets in /Users/andrii.vytiahanets/Documents/Tel-Ran_by_Starta_Institute/onlineshopproject)
2024-07-08 16:16:51.981 | main                      | DEBUG | com.example.onlineshopproject.controller.UserControllerTest             -  Running with Spring Boot v3.3.0, Spring v6.1.8
2024-07-08 16:16:51.985 | main                      | INFO  | com.example.onlineshopproject.controller.UserControllerTest             -  No active profile set, falling back to 1 default profile: "default"
2024-07-08 16:18:24.253 | main                      | INFO  | com.example.onlineshopproject.controller.UserControllerTest             -  Starting UserControllerTest using Java 22.0.1 with PID 5678 (started by andrii.vytiahanets in /Users/andrii.vytiahanets/Documents/Tel-Ran_by_Starta_Institute/onlineshopproject)
2024-07-08 16:18:24.254 | main                      | DEBUG | com.example.onlineshopproject.controller.UserControllerTest             -  Running with Spring Boot v3.3.0, Spring v6.1.8
2024-07-08 16:18:24.255 | main                      | INFO  | com.example.onlineshopproject.controller.UserControllerTest             -  No active profile set, falling back to 1 default profile: "default"
2024-07-08 16:19:18.508 | main                      | INFO  | com.example.onlineshopproject.controller.UserControllerTest             -  Starting UserControllerTest using Java 22.0.1 with PID 5690 (started by andrii.vytiahanets in /Users/andrii.vytiahanets/Documents/Tel-Ran_by_Starta_Institute/onlineshopproject)
2024-07-08 16:19:18.509 | main                      | DEBUG | com.example.onlineshopproject.controller.UserControllerTest             -  Running with Spring Boot v3.3.0, Spring v6.1.8
2024-07-08 16:19:18.512 | main                      | INFO  | com.example.onlineshopproject.controller.UserControllerTest             -  No active profile set, falling back to 1 default profile: "default"
2024-07-08 16:32:56.240 | main                      | INFO  | com.example.onlineshopproject.integration.ProductIntegrationTest        -  Starting ProductIntegrationTest using Java 22.0.1 with PID 5796 (started by andrii.vytiahanets in /Users/andrii.vytiahanets/Documents/Tel-Ran_by_Starta_Institute/onlineshopproject)
2024-07-08 16:32:56.244 | main                      | DEBUG | com.example.onlineshopproject.integration.ProductIntegrationTest        -  Running with Spring Boot v3.3.0, Spring v6.1.8
2024-07-08 16:32:56.245 | main                      | INFO  | com.example.onlineshopproject.integration.ProductIntegrationTest        -  The following 1 profile is active: "dev"
2024-07-08 16:33:09.851 | main                      | DEBUG | com.example.onlineshopproject.security.jwt.JwtFilter                    -  Filter 'jwtFilter' configured for use
2024-07-08 16:33:09.913 | main                      | INFO  | com.example.onlineshopproject.integration.ProductIntegrationTest        -  Started ProductIntegrationTest in 15.075 seconds (process running for 17.909)
2024-07-08 16:33:10.845 | main                      | ERROR | com.example.onlineshopproject.controller.advice.AdviceController        -  Exception: org.hibernate.query.ParameterLabelException: Gap between '?2' and '?5' in ordinal parameter labels (ordinal parameters must be labelled sequentially)
2024-07-08 16:36:57.883 | main                      | INFO  | com.example.onlineshopproject.integration.ProductIntegrationTest        -  Starting ProductIntegrationTest using Java 22.0.1 with PID 5831 (started by andrii.vytiahanets in /Users/andrii.vytiahanets/Documents/Tel-Ran_by_Starta_Institute/onlineshopproject)
2024-07-08 16:36:57.885 | main                      | DEBUG | com.example.onlineshopproject.integration.ProductIntegrationTest        -  Running with Spring Boot v3.3.0, Spring v6.1.8
2024-07-08 16:36:57.889 | main                      | INFO  | com.example.onlineshopproject.integration.ProductIntegrationTest        -  The following 1 profile is active: "dev"
2024-07-08 16:37:08.610 | main                      | DEBUG | com.example.onlineshopproject.security.jwt.JwtFilter                    -  Filter 'jwtFilter' configured for use
2024-07-08 16:37:08.664 | main                      | INFO  | com.example.onlineshopproject.integration.ProductIntegrationTest        -  Started ProductIntegrationTest in 11.756 seconds (process running for 14.52)
2024-07-08 16:37:47.055 | main                      | INFO  | com.example.onlineshopproject.integration.ProductIntegrationTest        -  Starting ProductIntegrationTest using Java 22.0.1 with PID 5842 (started by andrii.vytiahanets in /Users/andrii.vytiahanets/Documents/Tel-Ran_by_Starta_Institute/onlineshopproject)
2024-07-08 16:37:47.056 | main                      | DEBUG | com.example.onlineshopproject.integration.ProductIntegrationTest        -  Running with Spring Boot v3.3.0, Spring v6.1.8
2024-07-08 16:37:47.057 | main                      | INFO  | com.example.onlineshopproject.integration.ProductIntegrationTest        -  The following 1 profile is active: "dev"
2024-07-08 16:37:58.070 | main                      | DEBUG | com.example.onlineshopproject.security.jwt.JwtFilter                    -  Filter 'jwtFilter' configured for use
2024-07-08 16:37:58.126 | main                      | INFO  | com.example.onlineshopproject.integration.ProductIntegrationTest        -  Started ProductIntegrationTest in 12.304 seconds (process running for 15.373)
2024-07-08 16:37:58.933 | main                      | ERROR | com.example.onlineshopproject.controller.advice.AdviceController        -  Exception: org.hibernate.query.ParameterLabelException: Gap between '?2' and '?5' in ordinal parameter labels (ordinal parameters must be labelled sequentially)
2024-07-08 16:39:33.477 | main                      | INFO  | com.example.onlineshopproject.integration.ProductIntegrationTest        -  Starting ProductIntegrationTest using Java 22.0.1 with PID 5861 (started by andrii.vytiahanets in /Users/andrii.vytiahanets/Documents/Tel-Ran_by_Starta_Institute/onlineshopproject)
2024-07-08 16:39:33.477 | main                      | DEBUG | com.example.onlineshopproject.integration.ProductIntegrationTest        -  Running with Spring Boot v3.3.0, Spring v6.1.8
2024-07-08 16:39:33.480 | main                      | INFO  | com.example.onlineshopproject.integration.ProductIntegrationTest        -  The following 1 profile is active: "dev"
2024-07-08 16:39:46.903 | main                      | DEBUG | com.example.onlineshopproject.security.jwt.JwtFilter                    -  Filter 'jwtFilter' configured for use
2024-07-08 16:39:46.975 | main                      | INFO  | com.example.onlineshopproject.integration.ProductIntegrationTest        -  Started ProductIntegrationTest in 14.834 seconds (process running for 17.654)
2024-07-08 16:44:43.624 | main                      | INFO  | com.example.onlineshopproject.integration.ProductIntegrationTest        -  Starting ProductIntegrationTest using Java 22.0.1 with PID 5902 (started by andrii.vytiahanets in /Users/andrii.vytiahanets/Documents/Tel-Ran_by_Starta_Institute/onlineshopproject)
2024-07-08 16:44:43.625 | main                      | DEBUG | com.example.onlineshopproject.integration.ProductIntegrationTest        -  Running with Spring Boot v3.3.0, Spring v6.1.8
2024-07-08 16:44:43.627 | main                      | INFO  | com.example.onlineshopproject.integration.ProductIntegrationTest        -  The following 1 profile is active: "dev"
2024-07-08 16:44:53.697 | main                      | DEBUG | com.example.onlineshopproject.security.jwt.JwtFilter                    -  Filter 'jwtFilter' configured for use
2024-07-08 16:44:53.750 | main                      | INFO  | com.example.onlineshopproject.integration.ProductIntegrationTest        -  Started ProductIntegrationTest in 11.107 seconds (process running for 13.413)
2024-07-08 16:44:54.643 | main                      | ERROR | com.example.onlineshopproject.controller.advice.AdviceController        -  Exception: Required URI template variable 'id' for method parameter type Long is not present
2024-07-08 16:49:52.854 | main                      | INFO  | com.example.onlineshopproject.integration.ProductIntegrationTest        -  Starting ProductIntegrationTest using Java 22.0.1 with PID 5950 (started by andrii.vytiahanets in /Users/andrii.vytiahanets/Documents/Tel-Ran_by_Starta_Institute/onlineshopproject)
2024-07-08 16:49:52.856 | main                      | DEBUG | com.example.onlineshopproject.integration.ProductIntegrationTest        -  Running with Spring Boot v3.3.0, Spring v6.1.8
2024-07-08 16:49:52.859 | main                      | INFO  | com.example.onlineshopproject.integration.ProductIntegrationTest        -  The following 1 profile is active: "dev"
2024-07-08 16:50:04.582 | main                      | DEBUG | com.example.onlineshopproject.security.jwt.JwtFilter                    -  Filter 'jwtFilter' configured for use
2024-07-08 16:50:04.646 | main                      | INFO  | com.example.onlineshopproject.integration.ProductIntegrationTest        -  Started ProductIntegrationTest in 12.986 seconds (process running for 16.304)
2024-07-08 16:54:49.672 | main                      | INFO  | com.example.onlineshopproject.integration.CartIntegrationTest           -  Starting CartIntegrationTest using Java 22.0.1 with PID 5992 (started by andrii.vytiahanets in /Users/andrii.vytiahanets/Documents/Tel-Ran_by_Starta_Institute/onlineshopproject)
2024-07-08 16:54:49.674 | main                      | DEBUG | com.example.onlineshopproject.integration.CartIntegrationTest           -  Running with Spring Boot v3.3.0, Spring v6.1.8
2024-07-08 16:54:49.675 | main                      | INFO  | com.example.onlineshopproject.integration.CartIntegrationTest           -  The following 1 profile is active: "dev"
2024-07-08 16:55:04.441 | main                      | DEBUG | com.example.onlineshopproject.security.jwt.JwtFilter                    -  Filter 'jwtFilter' configured for use
2024-07-08 16:55:04.504 | main                      | INFO  | com.example.onlineshopproject.integration.CartIntegrationTest           -  Started CartIntegrationTest in 15.933 seconds (process running for 20.057)
2024-07-08 16:55:05.339 | main                      | ERROR | com.example.onlineshopproject.controller.advice.AdviceController        -  Exception: No endpoint GET /carts/1.
2024-07-08 16:55:24.445 | main                      | INFO  | com.example.onlineshopproject.integration.CartIntegrationTest           -  Starting CartIntegrationTest using Java 22.0.1 with PID 6001 (started by andrii.vytiahanets in /Users/andrii.vytiahanets/Documents/Tel-Ran_by_Starta_Institute/onlineshopproject)
2024-07-08 16:55:24.447 | main                      | DEBUG | com.example.onlineshopproject.integration.CartIntegrationTest           -  Running with Spring Boot v3.3.0, Spring v6.1.8
2024-07-08 16:55:24.448 | main                      | INFO  | com.example.onlineshopproject.integration.CartIntegrationTest           -  The following 1 profile is active: "dev"
2024-07-08 16:55:38.994 | main                      | DEBUG | com.example.onlineshopproject.security.jwt.JwtFilter                    -  Filter 'jwtFilter' configured for use
2024-07-08 16:55:39.053 | main                      | INFO  | com.example.onlineshopproject.integration.CartIntegrationTest           -  Started CartIntegrationTest in 18.123 seconds (process running for 24.542)
2024-07-08 16:55:39.893 | main                      | ERROR | com.example.onlineshopproject.controller.advice.AdviceController        -  Exception: No endpoint GET /carts/1.
2024-07-08 16:56:28.273 | main                      | INFO  | com.example.onlineshopproject.integration.CartIntegrationTest           -  Starting CartIntegrationTest using Java 22.0.1 with PID 6014 (started by andrii.vytiahanets in /Users/andrii.vytiahanets/Documents/Tel-Ran_by_Starta_Institute/onlineshopproject)
2024-07-08 16:56:28.276 | main                      | DEBUG | com.example.onlineshopproject.integration.CartIntegrationTest           -  Running with Spring Boot v3.3.0, Spring v6.1.8
2024-07-08 16:56:28.278 | main                      | INFO  | com.example.onlineshopproject.integration.CartIntegrationTest           -  The following 1 profile is active: "dev"
2024-07-08 16:56:38.975 | main                      | DEBUG | com.example.onlineshopproject.security.jwt.JwtFilter                    -  Filter 'jwtFilter' configured for use
2024-07-08 16:56:39.031 | main                      | INFO  | com.example.onlineshopproject.integration.CartIntegrationTest           -  Started CartIntegrationTest in 11.858 seconds (process running for 14.76)
2024-07-08 16:56:39.685 | main                      | ERROR | com.example.onlineshopproject.controller.advice.AdviceController        -  Exception: No endpoint GET /carts/1.
2024-07-08 16:59:38.825 | main                      | INFO  | com.example.onlineshopproject.integration.CartIntegrationTest           -  Starting CartIntegrationTest using Java 22.0.1 with PID 6043 (started by andrii.vytiahanets in /Users/andrii.vytiahanets/Documents/Tel-Ran_by_Starta_Institute/onlineshopproject)
2024-07-08 16:59:38.825 | main                      | DEBUG | com.example.onlineshopproject.integration.CartIntegrationTest           -  Running with Spring Boot v3.3.0, Spring v6.1.8
2024-07-08 16:59:38.826 | main                      | INFO  | com.example.onlineshopproject.integration.CartIntegrationTest           -  The following 1 profile is active: "dev"
2024-07-08 16:59:51.114 | main                      | DEBUG | com.example.onlineshopproject.security.jwt.JwtFilter                    -  Filter 'jwtFilter' configured for use
2024-07-08 16:59:51.173 | main                      | INFO  | com.example.onlineshopproject.integration.CartIntegrationTest           -  Started CartIntegrationTest in 15.535 seconds (process running for 18.468)
2024-07-08 16:59:52.047 | main                      | ERROR | com.example.onlineshopproject.controller.advice.AdviceController        -  Exception: No endpoint GET /carts/1.
2024-07-08 17:05:31.916 | main                      | INFO  | com.example.onlineshopproject.integration.CartIntegrationTest           -  Starting CartIntegrationTest using Java 22.0.1 with PID 6088 (started by andrii.vytiahanets in /Users/andrii.vytiahanets/Documents/Tel-Ran_by_Starta_Institute/onlineshopproject)
2024-07-08 17:05:31.918 | main                      | DEBUG | com.example.onlineshopproject.integration.CartIntegrationTest           -  Running with Spring Boot v3.3.0, Spring v6.1.8
2024-07-08 17:05:31.928 | main                      | INFO  | com.example.onlineshopproject.integration.CartIntegrationTest           -  The following 1 profile is active: "dev"
2024-07-08 17:05:43.990 | main                      | DEBUG | com.example.onlineshopproject.security.jwt.JwtFilter                    -  Filter 'jwtFilter' configured for use
2024-07-08 17:05:44.053 | main                      | INFO  | com.example.onlineshopproject.integration.CartIntegrationTest           -  Started CartIntegrationTest in 13.492 seconds (process running for 15.817)
2024-07-08 17:05:45.047 | main                      | DEBUG | com.example.onlineshopproject.controller.CartController                 -  Request to get cart for user id: 1
2024-07-08 17:05:45.130 | main                      | ERROR | com.example.onlineshopproject.controller.advice.AdviceController        -  Not found in database: Cart with this id was not found
2024-07-08 17:06:23.348 | main                      | INFO  | com.example.onlineshopproject.integration.CartIntegrationTest           -  Starting CartIntegrationTest using Java 22.0.1 with PID 6127 (started by andrii.vytiahanets in /Users/andrii.vytiahanets/Documents/Tel-Ran_by_Starta_Institute/onlineshopproject)
2024-07-08 17:06:23.349 | main                      | DEBUG | com.example.onlineshopproject.integration.CartIntegrationTest           -  Running with Spring Boot v3.3.0, Spring v6.1.8
2024-07-08 17:06:23.352 | main                      | INFO  | com.example.onlineshopproject.integration.CartIntegrationTest           -  The following 1 profile is active: "dev"
2024-07-08 17:06:42.825 | main                      | DEBUG | com.example.onlineshopproject.security.jwt.JwtFilter                    -  Filter 'jwtFilter' configured for use
2024-07-08 17:06:42.909 | main                      | INFO  | com.example.onlineshopproject.integration.CartIntegrationTest           -  Started CartIntegrationTest in 20.755 seconds (process running for 23.79)
2024-07-08 17:06:43.817 | main                      | DEBUG | com.example.onlineshopproject.controller.CartController                 -  Request to get cart for user id: 1
2024-07-08 17:06:43.912 | main                      | ERROR | com.example.onlineshopproject.controller.advice.AdviceController        -  Not found in database: Cart with this id was not found
2024-07-08 17:07:04.961 | main                      | INFO  | com.example.onlineshopproject.integration.CartIntegrationTest           -  Starting CartIntegrationTest using Java 22.0.1 with PID 6135 (started by andrii.vytiahanets in /Users/andrii.vytiahanets/Documents/Tel-Ran_by_Starta_Institute/onlineshopproject)
2024-07-08 17:07:04.962 | main                      | DEBUG | com.example.onlineshopproject.integration.CartIntegrationTest           -  Running with Spring Boot v3.3.0, Spring v6.1.8
2024-07-08 17:07:04.964 | main                      | INFO  | com.example.onlineshopproject.integration.CartIntegrationTest           -  The following 1 profile is active: "dev"
2024-07-08 17:07:20.991 | main                      | DEBUG | com.example.onlineshopproject.security.jwt.JwtFilter                    -  Filter 'jwtFilter' configured for use
2024-07-08 17:07:21.040 | main                      | INFO  | com.example.onlineshopproject.integration.CartIntegrationTest           -  Started CartIntegrationTest in 17.615 seconds (process running for 20.606)
2024-07-08 17:07:21.748 | main                      | DEBUG | com.example.onlineshopproject.controller.CartController                 -  Request to get cart for user id: 1
2024-07-08 17:07:50.355 | main                      | INFO  | com.example.onlineshopproject.integration.CartIntegrationTest           -  Starting CartIntegrationTest using Java 22.0.1 with PID 6145 (started by andrii.vytiahanets in /Users/andrii.vytiahanets/Documents/Tel-Ran_by_Starta_Institute/onlineshopproject)
2024-07-08 17:07:50.357 | main                      | DEBUG | com.example.onlineshopproject.integration.CartIntegrationTest           -  Running with Spring Boot v3.3.0, Spring v6.1.8
2024-07-08 17:07:50.361 | main                      | INFO  | com.example.onlineshopproject.integration.CartIntegrationTest           -  The following 1 profile is active: "dev"
2024-07-08 17:08:01.073 | main                      | DEBUG | com.example.onlineshopproject.security.jwt.JwtFilter                    -  Filter 'jwtFilter' configured for use
2024-07-08 17:08:01.126 | main                      | INFO  | com.example.onlineshopproject.integration.CartIntegrationTest           -  Started CartIntegrationTest in 11.822 seconds (process running for 14.402)
2024-07-08 17:08:01.854 | main                      | DEBUG | com.example.onlineshopproject.controller.CartController                 -  Request to get cart for user id: 1
2024-07-08 17:08:52.409 | main                      | INFO  | com.example.onlineshopproject.integration.CartIntegrationTest           -  Starting CartIntegrationTest using Java 22.0.1 with PID 6158 (started by andrii.vytiahanets in /Users/andrii.vytiahanets/Documents/Tel-Ran_by_Starta_Institute/onlineshopproject)
2024-07-08 17:08:52.410 | main                      | DEBUG | com.example.onlineshopproject.integration.CartIntegrationTest           -  Running with Spring Boot v3.3.0, Spring v6.1.8
2024-07-08 17:08:52.411 | main                      | INFO  | com.example.onlineshopproject.integration.CartIntegrationTest           -  The following 1 profile is active: "dev"
2024-07-08 17:09:04.435 | main                      | DEBUG | com.example.onlineshopproject.security.jwt.JwtFilter                    -  Filter 'jwtFilter' configured for use
2024-07-08 17:09:04.491 | main                      | INFO  | com.example.onlineshopproject.integration.CartIntegrationTest           -  Started CartIntegrationTest in 13.242 seconds (process running for 15.526)
2024-07-08 17:09:05.367 | main                      | DEBUG | com.example.onlineshopproject.controller.CartController                 -  Request to get cart for user id: 1
2024-07-08 17:24:53.868 | main                      | INFO  | com.example.onlineshopproject.integration.CategoryIntegrationTest       -  Starting CategoryIntegrationTest using Java 22.0.1 with PID 6284 (started by andrii.vytiahanets in /Users/andrii.vytiahanets/Documents/Tel-Ran_by_Starta_Institute/onlineshopproject)
2024-07-08 17:24:53.877 | main                      | DEBUG | com.example.onlineshopproject.integration.CategoryIntegrationTest       -  Running with Spring Boot v3.3.0, Spring v6.1.8
2024-07-08 17:24:53.878 | main                      | INFO  | com.example.onlineshopproject.integration.CategoryIntegrationTest       -  The following 1 profile is active: "dev"
2024-07-08 17:25:14.822 | main                      | DEBUG | com.example.onlineshopproject.security.jwt.JwtFilter                    -  Filter 'jwtFilter' configured for use
2024-07-08 17:25:14.900 | main                      | INFO  | com.example.onlineshopproject.integration.CategoryIntegrationTest       -  Started CategoryIntegrationTest in 24.375 seconds (process running for 31.48)
2024-07-08 17:25:16.053 | main                      | ERROR | com.example.onlineshopproject.controller.advice.AdviceController        -  Exception: Required URI template variable 'userId' for method parameter type Long is not present
2024-07-08 17:29:12.854 | main                      | INFO  | com.example.onlineshopproject.integration.CategoryIntegrationTest       -  Starting CategoryIntegrationTest using Java 22.0.1 with PID 6334 (started by andrii.vytiahanets in /Users/andrii.vytiahanets/Documents/Tel-Ran_by_Starta_Institute/onlineshopproject)
2024-07-08 17:29:12.862 | main                      | DEBUG | com.example.onlineshopproject.integration.CategoryIntegrationTest       -  Running with Spring Boot v3.3.0, Spring v6.1.8
2024-07-08 17:29:12.866 | main                      | INFO  | com.example.onlineshopproject.integration.CategoryIntegrationTest       -  The following 1 profile is active: "dev"
2024-07-08 17:29:25.994 | main                      | DEBUG | com.example.onlineshopproject.security.jwt.JwtFilter                    -  Filter 'jwtFilter' configured for use
2024-07-08 17:29:26.058 | main                      | INFO  | com.example.onlineshopproject.integration.CategoryIntegrationTest       -  Started CategoryIntegrationTest in 14.323 seconds (process running for 17.697)
2024-07-08 17:30:29.241 | main                      | INFO  | com.example.onlineshopproject.integration.CategoryIntegrationTest       -  Starting CategoryIntegrationTest using Java 22.0.1 with PID 6348 (started by andrii.vytiahanets in /Users/andrii.vytiahanets/Documents/Tel-Ran_by_Starta_Institute/onlineshopproject)
2024-07-08 17:30:29.247 | main                      | DEBUG | com.example.onlineshopproject.integration.CategoryIntegrationTest       -  Running with Spring Boot v3.3.0, Spring v6.1.8
2024-07-08 17:30:29.252 | main                      | INFO  | com.example.onlineshopproject.integration.CategoryIntegrationTest       -  The following 1 profile is active: "dev"
2024-07-08 17:30:40.213 | main                      | DEBUG | com.example.onlineshopproject.security.jwt.JwtFilter                    -  Filter 'jwtFilter' configured for use
2024-07-08 17:30:40.266 | main                      | INFO  | com.example.onlineshopproject.integration.CategoryIntegrationTest       -  Started CategoryIntegrationTest in 11.843 seconds (process running for 13.788)
2024-07-08 17:30:51.150 | main                      | INFO  | com.example.onlineshopproject.integration.CategoryIntegrationTest       -  Starting CategoryIntegrationTest using Java 22.0.1 with PID 6355 (started by andrii.vytiahanets in /Users/andrii.vytiahanets/Documents/Tel-Ran_by_Starta_Institute/onlineshopproject)
2024-07-08 17:30:51.150 | main                      | DEBUG | com.example.onlineshopproject.integration.CategoryIntegrationTest       -  Running with Spring Boot v3.3.0, Spring v6.1.8
2024-07-08 17:30:51.152 | main                      | INFO  | com.example.onlineshopproject.integration.CategoryIntegrationTest       -  The following 1 profile is active: "dev"
2024-07-08 17:31:04.375 | main                      | DEBUG | com.example.onlineshopproject.security.jwt.JwtFilter                    -  Filter 'jwtFilter' configured for use
2024-07-08 17:31:04.435 | main                      | INFO  | com.example.onlineshopproject.integration.CategoryIntegrationTest       -  Started CategoryIntegrationTest in 14.578 seconds (process running for 17.649)
2024-07-08 17:35:46.392 | main                      | INFO  | com.example.onlineshopproject.integration.CategoryIntegrationTest       -  Starting CategoryIntegrationTest using Java 22.0.1 with PID 6397 (started by andrii.vytiahanets in /Users/andrii.vytiahanets/Documents/Tel-Ran_by_Starta_Institute/onlineshopproject)
2024-07-08 17:35:46.395 | main                      | DEBUG | com.example.onlineshopproject.integration.CategoryIntegrationTest       -  Running with Spring Boot v3.3.0, Spring v6.1.8
2024-07-08 17:35:46.396 | main                      | INFO  | com.example.onlineshopproject.integration.CategoryIntegrationTest       -  The following 1 profile is active: "dev"
2024-07-08 17:35:58.303 | main                      | DEBUG | com.example.onlineshopproject.security.jwt.JwtFilter                    -  Filter 'jwtFilter' configured for use
2024-07-08 17:35:58.351 | main                      | INFO  | com.example.onlineshopproject.integration.CategoryIntegrationTest       -  Started CategoryIntegrationTest in 13.297 seconds (process running for 15.873)
2024-07-08 17:38:37.627 | main                      | INFO  | com.example.onlineshopproject.integration.CategoryIntegrationTest       -  Starting CategoryIntegrationTest using Java 22.0.1 with PID 6420 (started by andrii.vytiahanets in /Users/andrii.vytiahanets/Documents/Tel-Ran_by_Starta_Institute/onlineshopproject)
2024-07-08 17:38:37.629 | main                      | DEBUG | com.example.onlineshopproject.integration.CategoryIntegrationTest       -  Running with Spring Boot v3.3.0, Spring v6.1.8
2024-07-08 17:38:37.630 | main                      | INFO  | com.example.onlineshopproject.integration.CategoryIntegrationTest       -  The following 1 profile is active: "dev"
2024-07-08 17:38:49.115 | main                      | DEBUG | com.example.onlineshopproject.security.jwt.JwtFilter                    -  Filter 'jwtFilter' configured for use
2024-07-08 17:38:49.183 | main                      | INFO  | com.example.onlineshopproject.integration.CategoryIntegrationTest       -  Started CategoryIntegrationTest in 12.859 seconds (process running for 15.049)
2024-07-08 17:39:10.419 | main                      | INFO  | com.example.onlineshopproject.integration.CategoryIntegrationTest       -  Starting CategoryIntegrationTest using Java 22.0.1 with PID 6430 (started by andrii.vytiahanets in /Users/andrii.vytiahanets/Documents/Tel-Ran_by_Starta_Institute/onlineshopproject)
2024-07-08 17:39:10.420 | main                      | DEBUG | com.example.onlineshopproject.integration.CategoryIntegrationTest       -  Running with Spring Boot v3.3.0, Spring v6.1.8
2024-07-08 17:39:10.421 | main                      | INFO  | com.example.onlineshopproject.integration.CategoryIntegrationTest       -  The following 1 profile is active: "dev"
2024-07-08 17:39:21.396 | main                      | DEBUG | com.example.onlineshopproject.security.jwt.JwtFilter                    -  Filter 'jwtFilter' configured for use
2024-07-08 17:39:21.451 | main                      | INFO  | com.example.onlineshopproject.integration.CategoryIntegrationTest       -  Started CategoryIntegrationTest in 12.144 seconds (process running for 14.55)
2024-07-08 17:39:52.134 | main                      | INFO  | com.example.onlineshopproject.integration.CategoryIntegrationTest       -  Starting CategoryIntegrationTest using Java 22.0.1 with PID 6440 (started by andrii.vytiahanets in /Users/andrii.vytiahanets/Documents/Tel-Ran_by_Starta_Institute/onlineshopproject)
2024-07-08 17:39:52.137 | main                      | DEBUG | com.example.onlineshopproject.integration.CategoryIntegrationTest       -  Running with Spring Boot v3.3.0, Spring v6.1.8
2024-07-08 17:39:52.142 | main                      | INFO  | com.example.onlineshopproject.integration.CategoryIntegrationTest       -  The following 1 profile is active: "dev"
2024-07-08 17:40:03.068 | main                      | DEBUG | com.example.onlineshopproject.security.jwt.JwtFilter                    -  Filter 'jwtFilter' configured for use
2024-07-08 17:40:03.120 | main                      | INFO  | com.example.onlineshopproject.integration.CategoryIntegrationTest       -  Started CategoryIntegrationTest in 11.994 seconds (process running for 14.595)
2024-07-08 17:42:18.638 | main                      | INFO  | com.example.onlineshopproject.integration.OrderIntegrationTest          -  Starting OrderIntegrationTest using Java 22.0.1 with PID 6469 (started by andrii.vytiahanets in /Users/andrii.vytiahanets/Documents/Tel-Ran_by_Starta_Institute/onlineshopproject)
2024-07-08 17:42:18.640 | main                      | DEBUG | com.example.onlineshopproject.integration.OrderIntegrationTest          -  Running with Spring Boot v3.3.0, Spring v6.1.8
2024-07-08 17:42:18.641 | main                      | INFO  | com.example.onlineshopproject.integration.OrderIntegrationTest          -  The following 1 profile is active: "dev"
2024-07-08 17:42:29.529 | main                      | DEBUG | com.example.onlineshopproject.security.jwt.JwtFilter                    -  Filter 'jwtFilter' configured for use
2024-07-08 17:42:29.597 | main                      | INFO  | com.example.onlineshopproject.integration.OrderIntegrationTest          -  Started OrderIntegrationTest in 11.967 seconds (process running for 14.986)
2024-07-08 17:42:30.665 | main                      | ERROR | com.example.onlineshopproject.controller.advice.AdviceController        -  Exception: No enum constant com.example.onlineshopproject.enums.DeliveryMethod.by post
2024-07-08 17:45:43.017 | main                      | INFO  | com.example.onlineshopproject.integration.FavoritesIntegrationTest      -  Starting FavoritesIntegrationTest using Java 22.0.1 with PID 6498 (started by andrii.vytiahanets in /Users/andrii.vytiahanets/Documents/Tel-Ran_by_Starta_Institute/onlineshopproject)
2024-07-08 17:45:43.018 | main                      | DEBUG | com.example.onlineshopproject.integration.FavoritesIntegrationTest      -  Running with Spring Boot v3.3.0, Spring v6.1.8
2024-07-08 17:45:43.020 | main                      | INFO  | com.example.onlineshopproject.integration.FavoritesIntegrationTest      -  The following 1 profile is active: "dev"
2024-07-08 17:45:54.843 | main                      | DEBUG | com.example.onlineshopproject.security.jwt.JwtFilter                    -  Filter 'jwtFilter' configured for use
2024-07-08 17:45:54.895 | main                      | INFO  | com.example.onlineshopproject.integration.FavoritesIntegrationTest      -  Started FavoritesIntegrationTest in 12.919 seconds (process running for 15.385)
2024-07-08 17:45:55.709 | main                      | ERROR | com.example.onlineshopproject.controller.advice.AdviceController        -  Exception: No endpoint GET /favorites/1.
2024-07-08 17:47:10.517 | main                      | INFO  | com.example.onlineshopproject.integration.FavoritesIntegrationTest      -  Starting FavoritesIntegrationTest using Java 22.0.1 with PID 6519 (started by andrii.vytiahanets in /Users/andrii.vytiahanets/Documents/Tel-Ran_by_Starta_Institute/onlineshopproject)
2024-07-08 17:47:10.518 | main                      | DEBUG | com.example.onlineshopproject.integration.FavoritesIntegrationTest      -  Running with Spring Boot v3.3.0, Spring v6.1.8
2024-07-08 17:47:10.520 | main                      | INFO  | com.example.onlineshopproject.integration.FavoritesIntegrationTest      -  The following 1 profile is active: "dev"
2024-07-08 17:47:21.574 | main                      | DEBUG | com.example.onlineshopproject.security.jwt.JwtFilter                    -  Filter 'jwtFilter' configured for use
2024-07-08 17:47:21.628 | main                      | INFO  | com.example.onlineshopproject.integration.FavoritesIntegrationTest      -  Started FavoritesIntegrationTest in 12.373 seconds (process running for 16.165)
2024-07-08 17:47:22.731 | main                      | ERROR | com.example.onlineshopproject.controller.advice.AdviceController        -  Exception: JDBC exception executing SQL [select fes1_0.UserID,fes1_0.FavoritiesID,fes1_0.ProductID from Favorities fes1_0 where fes1_0.UserID=?] [Table 'onlineshopproject.favorities' doesn't exist] [n/a]
2024-07-08 17:47:59.461 | main                      | INFO  | com.example.onlineshopproject.integration.FavoritesIntegrationTest      -  Starting FavoritesIntegrationTest using Java 22.0.1 with PID 6530 (started by andrii.vytiahanets in /Users/andrii.vytiahanets/Documents/Tel-Ran_by_Starta_Institute/onlineshopproject)
2024-07-08 17:47:59.467 | main                      | DEBUG | com.example.onlineshopproject.integration.FavoritesIntegrationTest      -  Running with Spring Boot v3.3.0, Spring v6.1.8
2024-07-08 17:47:59.470 | main                      | INFO  | com.example.onlineshopproject.integration.FavoritesIntegrationTest      -  The following 1 profile is active: "dev"
2024-07-08 17:48:11.877 | main                      | DEBUG | com.example.onlineshopproject.security.jwt.JwtFilter                    -  Filter 'jwtFilter' configured for use
2024-07-08 17:48:11.934 | main                      | INFO  | com.example.onlineshopproject.integration.FavoritesIntegrationTest      -  Started FavoritesIntegrationTest in 13.531 seconds (process running for 15.809)
2024-07-08 17:48:13.273 | main                      | ERROR | com.example.onlineshopproject.controller.advice.AdviceController        -  Exception: JDBC exception executing SQL [select fes1_0.UserID,fes1_0.FavoritiesID,fes1_0.ProductID from Favorities fes1_0 where fes1_0.UserID=?] [Table 'onlineshopproject.favorities' doesn't exist] [n/a]
2024-07-08 17:49:46.624 | main                      | INFO  | com.example.onlineshopproject.integration.FavoritesIntegrationTest      -  Starting FavoritesIntegrationTest using Java 22.0.1 with PID 6551 (started by andrii.vytiahanets in /Users/andrii.vytiahanets/Documents/Tel-Ran_by_Starta_Institute/onlineshopproject)
2024-07-08 17:49:46.626 | main                      | DEBUG | com.example.onlineshopproject.integration.FavoritesIntegrationTest      -  Running with Spring Boot v3.3.0, Spring v6.1.8
2024-07-08 17:49:46.631 | main                      | INFO  | com.example.onlineshopproject.integration.FavoritesIntegrationTest      -  The following 1 profile is active: "dev"
2024-07-08 17:50:01.365 | main                      | DEBUG | com.example.onlineshopproject.security.jwt.JwtFilter                    -  Filter 'jwtFilter' configured for use
2024-07-08 17:50:01.421 | main                      | INFO  | com.example.onlineshopproject.integration.FavoritesIntegrationTest      -  Started FavoritesIntegrationTest in 16.419 seconds (process running for 19.437)
2024-07-08 17:50:02.360 | main                      | ERROR | com.example.onlineshopproject.controller.advice.AdviceController        -  Exception: JDBC exception executing SQL [select fes1_0.UserID,fes1_0.FavoritesID,fes1_0.ProductID from Favorites fes1_0 where fes1_0.UserID=?] [Unknown column 'fes1_0.FavoritesID' in 'field list'] [n/a]
2024-07-08 17:51:29.914 | main                      | INFO  | com.example.onlineshopproject.integration.FavoritesIntegrationTest      -  Starting FavoritesIntegrationTest using Java 22.0.1 with PID 6582 (started by andrii.vytiahanets in /Users/andrii.vytiahanets/Documents/Tel-Ran_by_Starta_Institute/onlineshopproject)
2024-07-08 17:51:29.915 | main                      | DEBUG | com.example.onlineshopproject.integration.FavoritesIntegrationTest      -  Running with Spring Boot v3.3.0, Spring v6.1.8
2024-07-08 17:51:29.916 | main                      | INFO  | com.example.onlineshopproject.integration.FavoritesIntegrationTest      -  The following 1 profile is active: "dev"
2024-07-08 17:54:04.511 | main                      | INFO  | com.example.onlineshopproject.integration.FavoritesIntegrationTest      -  Starting FavoritesIntegrationTest using Java 22.0.1 with PID 6611 (started by andrii.vytiahanets in /Users/andrii.vytiahanets/Documents/Tel-Ran_by_Starta_Institute/onlineshopproject)
2024-07-08 17:54:04.512 | main                      | DEBUG | com.example.onlineshopproject.integration.FavoritesIntegrationTest      -  Running with Spring Boot v3.3.0, Spring v6.1.8
2024-07-08 17:54:04.513 | main                      | INFO  | com.example.onlineshopproject.integration.FavoritesIntegrationTest      -  The following 1 profile is active: "dev"
2024-07-08 17:54:48.783 | main                      | INFO  | com.example.onlineshopproject.integration.OrderIntegrationTest          -  Starting OrderIntegrationTest using Java 22.0.1 with PID 6620 (started by andrii.vytiahanets in /Users/andrii.vytiahanets/Documents/Tel-Ran_by_Starta_Institute/onlineshopproject)
2024-07-08 17:54:48.789 | main                      | DEBUG | com.example.onlineshopproject.integration.OrderIntegrationTest          -  Running with Spring Boot v3.3.0, Spring v6.1.8
2024-07-08 17:54:48.793 | main                      | INFO  | com.example.onlineshopproject.integration.OrderIntegrationTest          -  The following 1 profile is active: "dev"
2024-07-08 17:59:18.233 | main                      | INFO  | com.example.onlineshopproject.integration.FavoritesIntegrationTest      -  Starting FavoritesIntegrationTest using Java 22.0.1 with PID 6663 (started by andrii.vytiahanets in /Users/andrii.vytiahanets/Documents/Tel-Ran_by_Starta_Institute/onlineshopproject)
2024-07-08 17:59:18.235 | main                      | DEBUG | com.example.onlineshopproject.integration.FavoritesIntegrationTest      -  Running with Spring Boot v3.3.0, Spring v6.1.8
2024-07-08 17:59:18.237 | main                      | INFO  | com.example.onlineshopproject.integration.FavoritesIntegrationTest      -  The following 1 profile is active: "dev"
2024-07-08 18:02:16.192 | main                      | INFO  | com.example.onlineshopproject.integration.FavoritesIntegrationTest      -  Starting FavoritesIntegrationTest using Java 22.0.1 with PID 6694 (started by andrii.vytiahanets in /Users/andrii.vytiahanets/Documents/Tel-Ran_by_Starta_Institute/onlineshopproject)
2024-07-08 18:02:16.195 | main                      | DEBUG | com.example.onlineshopproject.integration.FavoritesIntegrationTest      -  Running with Spring Boot v3.3.0, Spring v6.1.8
2024-07-08 18:02:16.198 | main                      | INFO  | com.example.onlineshopproject.integration.FavoritesIntegrationTest      -  The following 1 profile is active: "dev"
2024-07-08 18:03:11.630 | main                      | INFO  | com.example.onlineshopproject.integration.FavoritesIntegrationTest      -  Starting FavoritesIntegrationTest using Java 22.0.1 with PID 6705 (started by andrii.vytiahanets in /Users/andrii.vytiahanets/Documents/Tel-Ran_by_Starta_Institute/onlineshopproject)
2024-07-08 18:03:11.632 | main                      | DEBUG | com.example.onlineshopproject.integration.FavoritesIntegrationTest      -  Running with Spring Boot v3.3.0, Spring v6.1.8
2024-07-08 18:03:11.635 | main                      | INFO  | com.example.onlineshopproject.integration.FavoritesIntegrationTest      -  The following 1 profile is active: "dev"
