<?xml version="1.0" encoding="UTF-8"?>
<testsuite xmlns:xsi="http://www.w3.org/2001/XMLSchema-instance" xsi:noNamespaceSchemaLocation="https://maven.apache.org/surefire/maven-surefire-plugin/xsd/surefire-test-report-3.0.xsd" version="3.0" name="com.example.onlineshopproject.repository.ProductRepositoryTest" time="16.106" tests="4" errors="0" skipped="0" failures="0">
  <properties>
[...]
</properties>
  <testcase name="delete" classname="com.example.onlineshopproject.repository.ProductRepositoryTest" time="1.242">
    <system-out><![CDATA[15:19:18.158 [main] INFO org.springframework.test.context.support.AnnotationConfigContextLoaderUtils -- Could not detect default configuration classes for test class [com.example.onlineshopproject.repository.ProductRepositoryTest]: ProductRepositoryTest does not declare any static, non-private, non-final, nested classes annotated with @Configuration.
15:19:18.512 [main] INFO org.springframework.boot.test.context.SpringBootTestContextBootstrapper -- Found @SpringBootConfiguration com.example.onlineshopproject.OnlineShopProjectApplication for test class com.example.onlineshopproject.repository.ProductRepositoryTest
15:19:17,809 |-INFO in ch.qos.logback.classic.LoggerContext[default] - This is logback-classic version 1.5.6
15:19:17,813 |-INFO in ch.qos.logback.classic.util.ContextInitializer@68e62ca4 - Here is a list of configurators discovered as a service, by rank: 
15:19:17,813 |-INFO in ch.qos.logback.classic.util.ContextInitializer@68e62ca4 -   org.springframework.boot.logging.logback.RootLogLevelConfigurator
15:19:17,813 |-INFO in ch.qos.logback.classic.util.ContextInitializer@68e62ca4 - They will be invoked in order until ExecutionStatus.DO_NOT_INVOKE_NEXT_IF_ANY is returned.
15:19:17,814 |-INFO in ch.qos.logback.classic.util.ContextInitializer@68e62ca4 - Constructed configurator of type class org.springframework.boot.logging.logback.RootLogLevelConfigurator
15:19:17,829 |-INFO in ch.qos.logback.classic.util.ContextInitializer@68e62ca4 - org.springframework.boot.logging.logback.RootLogLevelConfigurator.configure() call lasted 1 milliseconds. ExecutionStatus=INVOKE_NEXT_IF_ANY
15:19:17,829 |-INFO in ch.qos.logback.classic.util.ContextInitializer@68e62ca4 - Trying to configure with ch.qos.logback.classic.joran.SerializedModelConfigurator
15:19:17,831 |-INFO in ch.qos.logback.classic.util.ContextInitializer@68e62ca4 - Constructed configurator of type class ch.qos.logback.classic.joran.SerializedModelConfigurator
15:19:17,836 |-INFO in ch.qos.logback.classic.LoggerContext[default] - Could NOT find resource [logback-test.scmo]
15:19:17,837 |-INFO in ch.qos.logback.classic.LoggerContext[default] - Could NOT find resource [logback.scmo]
15:19:17,837 |-INFO in ch.qos.logback.classic.util.ContextInitializer@68e62ca4 - ch.qos.logback.classic.joran.SerializedModelConfigurator.configure() call lasted 6 milliseconds. ExecutionStatus=INVOKE_NEXT_IF_ANY
15:19:17,837 |-INFO in ch.qos.logback.classic.util.ContextInitializer@68e62ca4 - Trying to configure with ch.qos.logback.classic.util.DefaultJoranConfigurator
15:19:17,838 |-INFO in ch.qos.logback.classic.util.ContextInitializer@68e62ca4 - Constructed configurator of type class ch.qos.logback.classic.util.DefaultJoranConfigurator
15:19:17,839 |-INFO in ch.qos.logback.classic.LoggerContext[default] - Could NOT find resource [logback-test.xml]
15:19:17,840 |-INFO in ch.qos.logback.classic.LoggerContext[default] - Could NOT find resource [logback.xml]
15:19:17,840 |-INFO in ch.qos.logback.classic.util.ContextInitializer@68e62ca4 - ch.qos.logback.classic.util.DefaultJoranConfigurator.configure() call lasted 2 milliseconds. ExecutionStatus=INVOKE_NEXT_IF_ANY
15:19:17,840 |-INFO in ch.qos.logback.classic.util.ContextInitializer@68e62ca4 - Trying to configure with ch.qos.logback.classic.BasicConfigurator
15:19:17,843 |-INFO in ch.qos.logback.classic.util.ContextInitializer@68e62ca4 - Constructed configurator of type class ch.qos.logback.classic.BasicConfigurator
15:19:17,843 |-INFO in ch.qos.logback.classic.BasicConfigurator@5328a9c1 - Setting up default configuration.
15:19:17,901 |-INFO in ch.qos.logback.classic.util.ContextInitializer@68e62ca4 - ch.qos.logback.classic.BasicConfigurator.configure() call lasted 58 milliseconds. ExecutionStatus=NEUTRAL
15:19:19,466 |-INFO in ch.qos.logback.core.model.processor.AppenderModelHandler - Processing appender named [FILE]
15:19:19,466 |-INFO in ch.qos.logback.core.model.processor.AppenderModelHandler - About to instantiate appender of type [ch.qos.logback.core.rolling.RollingFileAppender]
15:19:19,726 |-INFO in c.q.l.core.rolling.TimeBasedRollingPolicy@1534655921 - Will use gz compression
15:19:19,728 |-INFO in c.q.l.core.rolling.TimeBasedRollingPolicy@1534655921 - Will use the pattern logs/MacBook-Air-Andrii-2.local.log.%d{yyyy-MM-dd}.%i.log for the active file
15:19:19,771 |-INFO in ch.qos.logback.core.rolling.SizeAndTimeBasedFNATP@48bfb884 - The date pattern is 'yyyy-MM-dd' from file name pattern 'logs/MacBook-Air-Andrii-2.local.log.%d{yyyy-MM-dd}.%i.log.gz'.
15:19:19,771 |-INFO in ch.qos.logback.core.rolling.SizeAndTimeBasedFNATP@48bfb884 - Roll-over at midnight.
15:19:19,786 |-INFO in ch.qos.logback.core.rolling.SizeAndTimeBasedFNATP@48bfb884 - Setting initial period to 2024-07-27T12:54:46.508Z
15:19:19,787 |-WARN in ch.qos.logback.core.rolling.SizeAndTimeBasedFNATP@48bfb884 - SizeAndTimeBasedFNATP is deprecated. Use SizeAndTimeBasedRollingPolicy instead
15:19:19,787 |-WARN in ch.qos.logback.core.rolling.SizeAndTimeBasedFNATP@48bfb884 - For more information see http://logback.qos.ch/manual/appenders.html#SizeAndTimeBasedRollingPolicy
15:19:19,795 |-INFO in ch.qos.logback.core.rolling.RollingFileAppender[FILE] - Active log file name: logs/MacBook-Air-Andrii-2.local.log
15:19:19,795 |-INFO in ch.qos.logback.core.rolling.RollingFileAppender[FILE] - File property is set to [logs/MacBook-Air-Andrii-2.local.log]
15:19:19,797 |-INFO in ch.qos.logback.core.model.processor.AppenderModelHandler - Processing appender named [STDOUT]
15:19:19,797 |-INFO in ch.qos.logback.core.model.processor.AppenderModelHandler - About to instantiate appender of type [ch.qos.logback.core.ConsoleAppender]
15:19:19,798 |-WARN in ch.qos.logback.core.ConsoleAppender[STDOUT] - This appender no longer admits a layout as a sub-component, set an encoder instead.
15:19:19,798 |-WARN in ch.qos.logback.core.ConsoleAppender[STDOUT] - To ensure compatibility, wrapping your layout in LayoutWrappingEncoder.
15:19:19,799 |-WARN in ch.qos.logback.core.ConsoleAppender[STDOUT] - See also http://logback.qos.ch/codes.html#layoutInsteadOfEncoder for details
15:19:19,799 |-INFO in ch.qos.logback.classic.model.processor.LoggerModelHandler - Setting level of logger [com.example.onlineshopproject] to DEBUG
15:19:19,800 |-INFO in ch.qos.logback.classic.jul.LevelChangePropagator@11653e3b - Propagating DEBUG level on Logger[com.example.onlineshopproject] onto the JUL framework
15:19:19,804 |-INFO in ch.qos.logback.classic.model.processor.LoggerModelHandler - Setting additivity of logger [com.example.onlineshopproject] to false
15:19:19,805 |-INFO in ch.qos.logback.core.model.processor.AppenderRefModelHandler - Attaching appender named [STDOUT] to Logger[com.example.onlineshopproject]
15:19:19,805 |-INFO in ch.qos.logback.core.model.processor.AppenderRefModelHandler - Attaching appender named [FILE] to Logger[com.example.onlineshopproject]
15:19:19,805 |-INFO in ch.qos.logback.classic.model.processor.RootLoggerModelHandler - Setting level of ROOT logger to INFO
15:19:19,805 |-INFO in ch.qos.logback.classic.jul.LevelChangePropagator@11653e3b - Propagating INFO level on Logger[ROOT] onto the JUL framework
15:19:19,805 |-INFO in ch.qos.logback.core.model.processor.AppenderRefModelHandler - Attaching appender named [STDOUT] to Logger[ROOT]
15:19:19,805 |-INFO in ch.qos.logback.core.model.processor.DefaultProcessor@715fb77 - End of configuration.
15:19:19,805 |-INFO in org.springframework.boot.logging.logback.SpringBootJoranConfigurator@1b9c1b51 - Registering current configuration as safe fallback point

  .   ____          _            __ _ _
 /\\ / ___'_ __ _ _(_)_ __  __ _ \ \ \ \
( ( )\___ | '_ | '_| | '_ \/ _` | \ \ \ \
 \\/  ___)| |_)| | | | | || (_| |  ) ) ) )
  '  |____| .__|_| |_|_| |_\__, | / / / /
 =========|_|==============|___/=/_/_/_/

2024-07-27 15:19:19.901 | background-preinit        | INFO  | org.hibernate.validator.internal.util.Version                           -       HV000001: Hibernate Validator 8.0.1.Final
 :: Spring Boot ::                (v3.3.0)

2024-07-27 15:19:20.331 | main                      | WARN  | o.s.b.t.j.DuplicateJsonObjectContextCustomizerFactory$DuplicateJsonObjectContextCustomizer  -       

Found multiple occurrences of org.json.JSONObject on the class path:

	jar:file:/Users/andrii.vytiahanets/.m2/repository/com/vaadin/external/google/android-json/0.0.20131108.vaadin1/android-json-0.0.20131108.vaadin1.jar!/org/json/JSONObject.class
	jar:file:/Users/andrii.vytiahanets/.m2/repository/org/json/json/20170516/json-20170516.jar!/org/json/JSONObject.class

You may wish to exclude one of them to ensure predictable runtime behavior

2024-07-27 15:19:20.362 | main                      | INFO  | com.example.onlineshopproject.repository.ProductRepositoryTest          -       Starting ProductRepositoryTest using Java 22.0.1 with PID 990 (started by andrii.vytiahanets in /Users/andrii.vytiahanets/Documents/Tel-Ran_by_Starta_Institute/onlineshopproject)
2024-07-27 15:19:20.364 | main                      | DEBUG | com.example.onlineshopproject.repository.ProductRepositoryTest          -       Running with Spring Boot v3.3.0, Spring v6.1.8
2024-07-27 15:19:20.365 | main                      | INFO  | com.example.onlineshopproject.repository.ProductRepositoryTest          -       The following 1 profile is active: "dev"
2024-07-27 15:19:21.678 | main                      | INFO  | o.s.data.repository.config.RepositoryConfigurationDelegate              -       Bootstrapping Spring Data JPA repositories in DEFAULT mode.
2024-07-27 15:19:21.930 | main                      | INFO  | o.s.data.repository.config.RepositoryConfigurationDelegate              -       Finished Spring Data repository scanning in 234 ms. Found 9 JPA repository interfaces.
2024-07-27 15:19:22.127 | main                      | INFO  | o.s.b.t.a.j.TestDatabaseAutoConfiguration$EmbeddedDataSourceBeanFactoryPostProcessor  -       Replacing 'dataSource' DataSource bean with embedded version
2024-07-27 15:19:22.590 | main                      | INFO  | org.springframework.jdbc.datasource.embedded.EmbeddedDatabaseFactory    -       Starting embedded database: url='jdbc:h2:mem:7a3186ca-ebed-455a-a4aa-441eacea6e3e;DB_CLOSE_DELAY=-1;DB_CLOSE_ON_EXIT=false', username='sa'
2024-07-27 15:19:23.499 | main                      | INFO  | liquibase.database                                                      -       Set default schema name to PUBLIC
2024-07-27 15:19:24.442 | main                      | INFO  | liquibase.lockservice                                                   -       Successfully acquired change log lock
2024-07-27 15:19:24.475 | main                      | INFO  | liquibase.changelog                                                     -       Creating database history table with name: PUBLIC.DATABASECHANGELOG
2024-07-27 15:19:24.481 | main                      | INFO  | liquibase.command                                                       -       Clearing database change log checksums for database h2
2024-07-27 15:19:24.489 | main                      | INFO  | liquibase.lockservice                                                   -       Successfully released change log lock
2024-07-27 15:19:24.490 | main                      | INFO  | liquibase.command                                                       -       Command execution complete
2024-07-27 15:19:25.346 | main                      | INFO  | liquibase.changelog                                                     -       Reading from PUBLIC.DATABASECHANGELOG
2024-07-27 15:19:25.511 | main                      | INFO  | liquibase.lockservice                                                   -       Successfully acquired change log lock
2024-07-27 15:19:25.512 | main                      | INFO  | liquibase.command                                                       -       Using deploymentId: 2086365512
2024-07-27 15:19:25.514 | main                      | INFO  | liquibase.changelog                                                     -       Reading from PUBLIC.DATABASECHANGELOG
2024-07-27 15:19:25.701 | main                      | INFO  | liquibase.ui                                                            -       Running Changeset: db/changelog/changelogs/users-changelog.xml::1::Andrii
2024-07-27 15:19:25.748 | main                      | INFO  | liquibase.changelog                                                     -       Table Users created
2024-07-27 15:19:25.750 | main                      | INFO  | liquibase.changelog                                                     -       ChangeSet db/changelog/changelogs/users-changelog.xml::1::Andrii ran successfully in 46ms
2024-07-27 15:19:25.785 | main                      | INFO  | liquibase.ui                                                            -       Running Changeset: db/changelog/changelogs/users-changelog.xml::2::Andrii
2024-07-27 15:19:25.791 | main                      | INFO  | liquibase.changelog                                                     -       New row inserted into Users
2024-07-27 15:19:25.793 | main                      | INFO  | liquibase.changelog                                                     -       New row inserted into Users
2024-07-27 15:19:25.795 | main                      | INFO  | liquibase.changelog                                                     -       New row inserted into Users
2024-07-27 15:19:25.798 | main                      | INFO  | liquibase.changelog                                                     -       New row inserted into Users
2024-07-27 15:19:25.800 | main                      | INFO  | liquibase.changelog                                                     -       New row inserted into Users
2024-07-27 15:19:25.801 | main                      | INFO  | liquibase.changelog                                                     -       ChangeSet db/changelog/changelogs/users-changelog.xml::2::Andrii ran successfully in 14ms
2024-07-27 15:19:25.806 | main                      | INFO  | liquibase.ui                                                            -       Running Changeset: db/changelog/changelogs/telegramusers-changelog.xml::1::Andrii
2024-07-27 15:19:25.810 | main                      | INFO  | liquibase.changelog                                                     -       Table TelegramUsers created
2024-07-27 15:19:25.811 | main                      | INFO  | liquibase.changelog                                                     -       ChangeSet db/changelog/changelogs/telegramusers-changelog.xml::1::Andrii ran successfully in 4ms
2024-07-27 15:19:25.816 | main                      | INFO  | liquibase.ui                                                            -       Running Changeset: db/changelog/changelogs/telegramusers-changelog.xml::2::Andrii
2024-07-27 15:19:25.819 | main                      | INFO  | liquibase.changelog                                                     -       New row inserted into TelegramUsers
2024-07-27 15:19:25.820 | main                      | INFO  | liquibase.changelog                                                     -       ChangeSet db/changelog/changelogs/telegramusers-changelog.xml::2::Andrii ran successfully in 3ms
2024-07-27 15:19:25.825 | main                      | INFO  | liquibase.ui                                                            -       Running Changeset: db/changelog/changelogs/category-changelog.xml::1::Andrii
2024-07-27 15:19:25.830 | main                      | INFO  | liquibase.changelog                                                     -       Table Categories created
2024-07-27 15:19:25.831 | main                      | INFO  | liquibase.changelog                                                     -       ChangeSet db/changelog/changelogs/category-changelog.xml::1::Andrii ran successfully in 6ms
2024-07-27 15:19:25.838 | main                      | INFO  | liquibase.ui                                                            -       Running Changeset: db/changelog/changelogs/category-changelog.xml::2::Andrii
2024-07-27 15:19:25.840 | main                      | INFO  | liquibase.changelog                                                     -       New row inserted into Categories
2024-07-27 15:19:25.842 | main                      | INFO  | liquibase.changelog                                                     -       New row inserted into Categories
2024-07-27 15:19:25.844 | main                      | INFO  | liquibase.changelog                                                     -       New row inserted into Categories
2024-07-27 15:19:25.861 | main                      | INFO  | liquibase.changelog                                                     -       New row inserted into Categories
2024-07-27 15:19:25.862 | main                      | INFO  | liquibase.changelog                                                     -       ChangeSet db/changelog/changelogs/category-changelog.xml::2::Andrii ran successfully in 24ms
2024-07-27 15:19:25.871 | main                      | INFO  | liquibase.ui                                                            -       Running Changeset: db/changelog/changelogs/product-changelog.xml::1::Andrii
2024-07-27 15:19:25.921 | main                      | INFO  | liquibase.changelog                                                     -       Table Products created
2024-07-27 15:19:25.921 | main                      | INFO  | liquibase.changelog                                                     -       ChangeSet db/changelog/changelogs/product-changelog.xml::1::Andrii ran successfully in 37ms
2024-07-27 15:19:25.936 | main                      | INFO  | liquibase.ui                                                            -       Running Changeset: db/changelog/changelogs/product-changelog.xml::2::Andrii
2024-07-27 15:19:25.942 | main                      | INFO  | liquibase.changelog                                                     -       New row inserted into Products
2024-07-27 15:19:25.945 | main                      | INFO  | liquibase.changelog                                                     -       New row inserted into Products
2024-07-27 15:19:25.947 | main                      | INFO  | liquibase.changelog                                                     -       New row inserted into Products
2024-07-27 15:19:25.963 | main                      | INFO  | liquibase.changelog                                                     -       New row inserted into Products
2024-07-27 15:19:25.966 | main                      | INFO  | liquibase.changelog                                                     -       New row inserted into Products
2024-07-27 15:19:25.968 | main                      | INFO  | liquibase.changelog                                                     -       ChangeSet db/changelog/changelogs/product-changelog.xml::2::Andrii ran successfully in 32ms
2024-07-27 15:19:25.983 | main                      | INFO  | liquibase.ui                                                            -       Running Changeset: db/changelog/changelogs/favorites-changelog.xml::1::Andrii
2024-07-27 15:19:26.002 | main                      | INFO  | liquibase.changelog                                                     -       Table Favorites created
2024-07-27 15:19:26.002 | main                      | INFO  | liquibase.changelog                                                     -       ChangeSet db/changelog/changelogs/favorites-changelog.xml::1::Andrii ran successfully in 18ms
2024-07-27 15:19:26.017 | main                      | INFO  | liquibase.ui                                                            -       Running Changeset: db/changelog/changelogs/favorites-changelog.xml::2::Andrii
2024-07-27 15:19:26.023 | main                      | INFO  | liquibase.changelog                                                     -       New row inserted into Favorites
2024-07-27 15:19:26.025 | main                      | INFO  | liquibase.changelog                                                     -       ChangeSet db/changelog/changelogs/favorites-changelog.xml::2::Andrii ran successfully in 5ms
2024-07-27 15:19:26.035 | main                      | INFO  | liquibase.ui                                                            -       Running Changeset: db/changelog/changelogs/cart-changelog.xml::1::Andrii
2024-07-27 15:19:26.080 | main                      | INFO  | liquibase.changelog                                                     -       Table Cart created
2024-07-27 15:19:26.081 | main                      | INFO  | liquibase.changelog                                                     -       ChangeSet db/changelog/changelogs/cart-changelog.xml::1::Andrii ran successfully in 46ms
2024-07-27 15:19:26.088 | main                      | INFO  | liquibase.ui                                                            -       Running Changeset: db/changelog/changelogs/cart-changelog.xml::2::Andrii
2024-07-27 15:19:26.093 | main                      | INFO  | liquibase.changelog                                                     -       New row inserted into Cart
2024-07-27 15:19:26.094 | main                      | INFO  | liquibase.changelog                                                     -       ChangeSet db/changelog/changelogs/cart-changelog.xml::2::Andrii ran successfully in 6ms
2024-07-27 15:19:26.099 | main                      | INFO  | liquibase.ui                                                            -       Running Changeset: db/changelog/changelogs/cartItems-changelog.xml::1::Andrii
2024-07-27 15:19:26.119 | main                      | INFO  | liquibase.changelog                                                     -       Table CartItems created
2024-07-27 15:19:26.120 | main                      | INFO  | liquibase.changelog                                                     -       ChangeSet db/changelog/changelogs/cartItems-changelog.xml::1::Andrii ran successfully in 20ms
2024-07-27 15:19:26.125 | main                      | INFO  | liquibase.ui                                                            -       Running Changeset: db/changelog/changelogs/cartItems-changelog.xml::2::Andrii
2024-07-27 15:19:26.128 | main                      | INFO  | liquibase.changelog                                                     -       New row inserted into CartItems
2024-07-27 15:19:26.129 | main                      | INFO  | liquibase.changelog                                                     -       ChangeSet db/changelog/changelogs/cartItems-changelog.xml::2::Andrii ran successfully in 3ms
2024-07-27 15:19:26.135 | main                      | INFO  | liquibase.ui                                                            -       Running Changeset: db/changelog/changelogs/orders-changelog.xml::1::Andrii
2024-07-27 15:19:26.143 | main                      | INFO  | liquibase.changelog                                                     -       Table Orders created
2024-07-27 15:19:26.144 | main                      | INFO  | liquibase.changelog                                                     -       ChangeSet db/changelog/changelogs/orders-changelog.xml::1::Andrii ran successfully in 8ms
2024-07-27 15:19:26.165 | main                      | INFO  | liquibase.ui                                                            -       Running Changeset: db/changelog/changelogs/orders-changelog.xml::2::Andrii
2024-07-27 15:19:26.188 | main                      | INFO  | liquibase.changelog                                                     -       New row inserted into Orders
2024-07-27 15:19:26.193 | main                      | INFO  | liquibase.changelog                                                     -       New row inserted into Orders
2024-07-27 15:19:26.210 | main                      | INFO  | liquibase.changelog                                                     -       New row inserted into Orders
2024-07-27 15:19:26.242 | main                      | INFO  | liquibase.changelog                                                     -       New row inserted into Orders
2024-07-27 15:19:26.243 | main                      | INFO  | liquibase.changelog                                                     -       ChangeSet db/changelog/changelogs/orders-changelog.xml::2::Andrii ran successfully in 59ms
2024-07-27 15:19:26.255 | main                      | INFO  | liquibase.ui                                                            -       Running Changeset: db/changelog/changelogs/orderItems-changelog.xml::1::Andrii
2024-07-27 15:19:26.276 | main                      | INFO  | liquibase.changelog                                                     -       Table OrderItems created
2024-07-27 15:19:26.277 | main                      | INFO  | liquibase.changelog                                                     -       ChangeSet db/changelog/changelogs/orderItems-changelog.xml::1::Andrii ran successfully in 21ms
2024-07-27 15:19:26.293 | main                      | INFO  | liquibase.ui                                                            -       Running Changeset: db/changelog/changelogs/orderItems-changelog.xml::2::Andrii
2024-07-27 15:19:26.296 | main                      | INFO  | liquibase.changelog                                                     -       New row inserted into OrderItems
2024-07-27 15:19:26.300 | main                      | INFO  | liquibase.changelog                                                     -       New row inserted into OrderItems
2024-07-27 15:19:26.303 | main                      | INFO  | liquibase.changelog                                                     -       New row inserted into OrderItems
2024-07-27 15:19:26.307 | main                      | INFO  | liquibase.changelog                                                     -       New row inserted into OrderItems
2024-07-27 15:19:26.309 | main                      | INFO  | liquibase.changelog                                                     -       New row inserted into OrderItems
2024-07-27 15:19:26.310 | main                      | INFO  | liquibase.changelog                                                     -       ChangeSet db/changelog/changelogs/orderItems-changelog.xml::2::Andrii ran successfully in 16ms
2024-07-27 15:19:26.314 | main                      | INFO  | liquibase.ui                                                            -       Running Changeset: db/changelog/changelogs/productcount-changelog.xml::1::Andrii
2024-07-27 15:19:26.320 | main                      | INFO  | liquibase.changelog                                                     -       Table ProductCount created
2024-07-27 15:19:26.321 | main                      | INFO  | liquibase.changelog                                                     -       ChangeSet db/changelog/changelogs/productcount-changelog.xml::1::Andrii ran successfully in 5ms
2024-07-27 15:19:26.325 | main                      | INFO  | liquibase.ui                                                            -       Running Changeset: db/changelog/changelogs/productcount-changelog.xml::2::Andrii
2024-07-27 15:19:26.329 | main                      | INFO  | liquibase.changelog                                                     -       New row inserted into ProductCount
2024-07-27 15:19:26.331 | main                      | INFO  | liquibase.changelog                                                     -       ChangeSet db/changelog/changelogs/productcount-changelog.xml::2::Andrii ran successfully in 5ms
2024-07-27 15:19:26.335 | main                      | INFO  | liquibase.ui                                                            -       Running Changeset: db/changelog/changelogs/productpending-changelog.xml::1::Andrii
2024-07-27 15:19:26.342 | main                      | INFO  | liquibase.changelog                                                     -       Table ProductPending created
2024-07-27 15:19:26.342 | main                      | INFO  | liquibase.changelog                                                     -       ChangeSet db/changelog/changelogs/productpending-changelog.xml::1::Andrii ran successfully in 6ms
2024-07-27 15:19:26.347 | main                      | INFO  | liquibase.ui                                                            -       Running Changeset: db/changelog/changelogs/productpending-changelog.xml::2::Andrii
2024-07-27 15:19:26.350 | main                      | INFO  | liquibase.changelog                                                     -       New row inserted into ProductPending
2024-07-27 15:19:26.350 | main                      | INFO  | liquibase.changelog                                                     -       ChangeSet db/changelog/changelogs/productpending-changelog.xml::2::Andrii ran successfully in 3ms
2024-07-27 15:19:26.355 | main                      | INFO  | liquibase.ui                                                            -       Running Changeset: db/changelog/changelogs/productprofit-changelog.xml::1::Andrii
2024-07-27 15:19:26.362 | main                      | INFO  | liquibase.changelog                                                     -       Table ProductProfit created
2024-07-27 15:19:26.362 | main                      | INFO  | liquibase.changelog                                                     -       ChangeSet db/changelog/changelogs/productprofit-changelog.xml::1::Andrii ran successfully in 7ms
2024-07-27 15:19:26.373 | main                      | INFO  | liquibase.ui                                                            -       Running Changeset: db/changelog/changelogs/productprofit-changelog.xml::2::Andrii
2024-07-27 15:19:26.382 | main                      | INFO  | liquibase.changelog                                                     -       New row inserted into ProductProfit
2024-07-27 15:19:26.383 | main                      | INFO  | liquibase.changelog                                                     -       ChangeSet db/changelog/changelogs/productprofit-changelog.xml::2::Andrii ran successfully in 8ms
2024-07-27 15:19:26.418 | main                      | INFO  | liquibase.util                                                          -       UPDATE SUMMARY
2024-07-27 15:19:26.419 | main                      | INFO  | liquibase.util                                                          -       Run:                         24
2024-07-27 15:19:26.419 | main                      | INFO  | liquibase.util                                                          -       Previously run:               0
2024-07-27 15:19:26.419 | main                      | INFO  | liquibase.util                                                          -       Filtered out:                 0
2024-07-27 15:19:26.419 | main                      | INFO  | liquibase.util                                                          -       -------------------------------
2024-07-27 15:19:26.419 | main                      | INFO  | liquibase.util                                                          -       Total change sets:           24
2024-07-27 15:19:26.422 | main                      | INFO  | liquibase.util                                                          -       Update summary generated
2024-07-27 15:19:26.434 | main                      | INFO  | liquibase.command                                                       -       Update command completed successfully.
2024-07-27 15:19:26.435 | main                      | INFO  | liquibase.ui                                                            -       Liquibase: Update has been successful. Rows affected: 54
2024-07-27 15:19:26.438 | main                      | INFO  | liquibase.lockservice                                                   -       Successfully released change log lock
2024-07-27 15:19:26.438 | main                      | INFO  | liquibase.command                                                       -       Command execution complete
2024-07-27 15:19:26.761 | main                      | INFO  | org.hibernate.jpa.internal.util.LogHelper                               -       HHH000204: Processing PersistenceUnitInfo [name: default]
2024-07-27 15:19:26.903 | main                      | INFO  | org.hibernate.Version                                                   -       HHH000412: Hibernate ORM core version 6.5.2.Final
2024-07-27 15:19:27.221 | main                      | INFO  | org.hibernate.cache.internal.RegionFactoryInitiator                     -       HHH000026: Second-level cache disabled
2024-07-27 15:19:28.060 | main                      | INFO  | org.springframework.orm.jpa.persistenceunit.SpringPersistenceUnitInfo   -       No LoadTimeWeaver setup: ignoring JPA class transformer
2024-07-27 15:19:28.163 | main                      | WARN  | org.hibernate.orm.deprecation                                           -       HHH90000025: MySQL8Dialect does not need to be specified explicitly using 'hibernate.dialect' (remove the property setting and it will be selected by default)
2024-07-27 15:19:28.165 | main                      | WARN  | org.hibernate.orm.deprecation                                           -       HHH90000026: MySQL8Dialect has been deprecated; use org.hibernate.dialect.MySQLDialect instead
2024-07-27 15:19:30.694 | main                      | INFO  | o.h.engine.transaction.jta.platform.internal.JtaPlatformInitiator       -       HHH000489: No JTA platform available (set 'hibernate.transaction.jta.platform' to enable JTA platform integration)
2024-07-27 15:19:30.700 | main                      | INFO  | org.springframework.orm.jpa.LocalContainerEntityManagerFactoryBean      -       Initialized JPA EntityManagerFactory for persistence unit 'default'
2024-07-27 15:19:31.419 | main                      | INFO  | org.springframework.data.jpa.repository.query.QueryEnhancerFactory      -       Hibernate is in classpath; If applicable, HQL parser will be used.
2024-07-27 15:19:32.461 | main                      | INFO  | com.example.onlineshopproject.repository.ProductRepositoryTest          -       Started ProductRepositoryTest in 13.768 seconds (process running for 16.857)
Hibernate: select pe1_0.ProductID,cies1_0.ProductID,cies1_0.CartItemID,cies1_0.CartID,cies1_0.Quantity,pe1_0.CategoryID,pe1_0.CreatedAt,pe1_0.Description,pe1_0.DiscountPrice,pe1_0.imageURL,pe1_0.Name,pe1_0.Price,pe1_0.UpdatedAt from Products pe1_0 left join CartItems cies1_0 on pe1_0.ProductID=cies1_0.ProductID where pe1_0.ProductID=?
Hibernate: select oies1_0.ProductId,oies1_0.OrderItemID,oies1_0.orderId,oies1_0.priceAtPurchase,oies1_0.quantity from OrderItems oies1_0 where oies1_0.ProductId=?
Hibernate: select fes1_0.ProductID,fes1_0.FavoriteID,fes1_0.UserID from Favorites fes1_0 where fes1_0.ProductID=?
]]></system-out>
    <system-err><![CDATA[WARNING: A Java agent has been loaded dynamically (/Users/andrii.vytiahanets/.m2/repository/net/bytebuddy/byte-buddy-agent/1.14.16/byte-buddy-agent-1.14.16.jar)
WARNING: If a serviceability tool is in use, please run with -XX:+EnableDynamicAgentLoading to hide this warning
WARNING: If a serviceability tool is not in use, please run with -Djdk.instrument.traceUsage for more information
WARNING: Dynamic loading of agents will be disallowed by default in a future release
]]></system-err>
  </testcase>
  <testcase name="getAll" classname="com.example.onlineshopproject.repository.ProductRepositoryTest" time="0.017">
    <system-out><![CDATA[Hibernate: select pe1_0.ProductID,pe1_0.CategoryID,pe1_0.CreatedAt,pe1_0.Description,pe1_0.DiscountPrice,pe1_0.imageURL,pe1_0.Name,pe1_0.Price,pe1_0.UpdatedAt from Products pe1_0 where pe1_0.ProductID=?
]]></system-out>
  </testcase>
  <testcase name="insert" classname="com.example.onlineshopproject.repository.ProductRepositoryTest" time="0.023">
    <system-out><![CDATA[Hibernate: select pe1_0.ProductID,cies1_0.ProductID,cies1_0.CartItemID,cies1_0.CartID,cies1_0.Quantity,pe1_0.CategoryID,pe1_0.CreatedAt,pe1_0.Description,pe1_0.DiscountPrice,pe1_0.imageURL,pe1_0.Name,pe1_0.Price,pe1_0.UpdatedAt from Products pe1_0 left join CartItems cies1_0 on pe1_0.ProductID=cies1_0.ProductID where pe1_0.ProductID=?
Hibernate: select oies1_0.ProductId,oies1_0.OrderItemID,oies1_0.orderId,oies1_0.priceAtPurchase,oies1_0.quantity from OrderItems oies1_0 where oies1_0.ProductId=?
Hibernate: select fes1_0.ProductID,fes1_0.FavoriteID,fes1_0.UserID from Favorites fes1_0 where fes1_0.ProductID=?
]]></system-out>
  </testcase>
  <testcase name="edit" classname="com.example.onlineshopproject.repository.ProductRepositoryTest" time="0.013">
    <system-out><![CDATA[Hibernate: select pe1_0.ProductID,pe1_0.CategoryID,pe1_0.CreatedAt,pe1_0.Description,pe1_0.DiscountPrice,pe1_0.imageURL,pe1_0.Name,pe1_0.Price,pe1_0.UpdatedAt from Products pe1_0 where pe1_0.ProductID=?
]]></system-out>
  </testcase>
</testsuite>