<?xml version="1.0" encoding="UTF-8"?>
<testsuite xmlns:xsi="http://www.w3.org/2001/XMLSchema-instance" xsi:noNamespaceSchemaLocation="https://maven.apache.org/surefire/maven-surefire-plugin/xsd/surefire-test-report-3.0.xsd" version="3.0" name="com.example.onlineshopproject.repository.ProductRepositoryTest" time="18.048" tests="4" errors="0" skipped="0" failures="0">
  <properties>
[...]
</properties>
  <testcase name="delete" classname="com.example.onlineshopproject.repository.ProductRepositoryTest" time="1.698">
    <system-out><![CDATA[12:25:22.032 [main] INFO org.springframework.test.context.support.AnnotationConfigContextLoaderUtils -- Could not detect default configuration classes for test class [com.example.onlineshopproject.repository.ProductRepositoryTest]: ProductRepositoryTest does not declare any static, non-private, non-final, nested classes annotated with @Configuration.
12:25:22.449 [main] INFO org.springframework.boot.test.context.SpringBootTestContextBootstrapper -- Found @SpringBootConfiguration com.example.onlineshopproject.OnlineShopProjectApplication for test class com.example.onlineshopproject.repository.ProductRepositoryTest
12:25:21,711 |-INFO in ch.qos.logback.classic.LoggerContext[default] - This is logback-classic version 1.5.6
12:25:21,716 |-INFO in ch.qos.logback.classic.util.ContextInitializer@a0a9fa5 - Here is a list of configurators discovered as a service, by rank: 
12:25:21,716 |-INFO in ch.qos.logback.classic.util.ContextInitializer@a0a9fa5 -   org.springframework.boot.logging.logback.RootLogLevelConfigurator
12:25:21,716 |-INFO in ch.qos.logback.classic.util.ContextInitializer@a0a9fa5 - They will be invoked in order until ExecutionStatus.DO_NOT_INVOKE_NEXT_IF_ANY is returned.
12:25:21,716 |-INFO in ch.qos.logback.classic.util.ContextInitializer@a0a9fa5 - Constructed configurator of type class org.springframework.boot.logging.logback.RootLogLevelConfigurator
12:25:21,739 |-INFO in ch.qos.logback.classic.util.ContextInitializer@a0a9fa5 - org.springframework.boot.logging.logback.RootLogLevelConfigurator.configure() call lasted 0 milliseconds. ExecutionStatus=INVOKE_NEXT_IF_ANY
12:25:21,739 |-INFO in ch.qos.logback.classic.util.ContextInitializer@a0a9fa5 - Trying to configure with ch.qos.logback.classic.joran.SerializedModelConfigurator
12:25:21,742 |-INFO in ch.qos.logback.classic.util.ContextInitializer@a0a9fa5 - Constructed configurator of type class ch.qos.logback.classic.joran.SerializedModelConfigurator
12:25:21,747 |-INFO in ch.qos.logback.classic.LoggerContext[default] - Could NOT find resource [logback-test.scmo]
12:25:21,748 |-INFO in ch.qos.logback.classic.LoggerContext[default] - Could NOT find resource [logback.scmo]
12:25:21,748 |-INFO in ch.qos.logback.classic.util.ContextInitializer@a0a9fa5 - ch.qos.logback.classic.joran.SerializedModelConfigurator.configure() call lasted 6 milliseconds. ExecutionStatus=INVOKE_NEXT_IF_ANY
12:25:21,748 |-INFO in ch.qos.logback.classic.util.ContextInitializer@a0a9fa5 - Trying to configure with ch.qos.logback.classic.util.DefaultJoranConfigurator
12:25:21,749 |-INFO in ch.qos.logback.classic.util.ContextInitializer@a0a9fa5 - Constructed configurator of type class ch.qos.logback.classic.util.DefaultJoranConfigurator
12:25:21,749 |-INFO in ch.qos.logback.classic.LoggerContext[default] - Could NOT find resource [logback-test.xml]
12:25:21,750 |-INFO in ch.qos.logback.classic.LoggerContext[default] - Could NOT find resource [logback.xml]
12:25:21,751 |-INFO in ch.qos.logback.classic.util.ContextInitializer@a0a9fa5 - ch.qos.logback.classic.util.DefaultJoranConfigurator.configure() call lasted 1 milliseconds. ExecutionStatus=INVOKE_NEXT_IF_ANY
12:25:21,751 |-INFO in ch.qos.logback.classic.util.ContextInitializer@a0a9fa5 - Trying to configure with ch.qos.logback.classic.BasicConfigurator
12:25:21,752 |-INFO in ch.qos.logback.classic.util.ContextInitializer@a0a9fa5 - Constructed configurator of type class ch.qos.logback.classic.BasicConfigurator
12:25:21,752 |-INFO in ch.qos.logback.classic.BasicConfigurator@15723761 - Setting up default configuration.
12:25:21,800 |-INFO in ch.qos.logback.classic.util.ContextInitializer@a0a9fa5 - ch.qos.logback.classic.BasicConfigurator.configure() call lasted 48 milliseconds. ExecutionStatus=NEUTRAL
12:25:23,436 |-INFO in ch.qos.logback.core.model.processor.AppenderModelHandler - Processing appender named [FILE]
12:25:23,436 |-INFO in ch.qos.logback.core.model.processor.AppenderModelHandler - About to instantiate appender of type [ch.qos.logback.core.rolling.RollingFileAppender]
12:25:23,631 |-INFO in c.q.l.core.rolling.TimeBasedRollingPolicy@824900551 - Will use gz compression
12:25:23,633 |-INFO in c.q.l.core.rolling.TimeBasedRollingPolicy@824900551 - Will use the pattern logs/MacBook-Air-Andrii-2.local.log.%d{yyyy-MM-dd}.%i.log for the active file
12:25:23,683 |-INFO in ch.qos.logback.core.rolling.SizeAndTimeBasedFNATP@599f571f - The date pattern is 'yyyy-MM-dd' from file name pattern 'logs/MacBook-Air-Andrii-2.local.log.%d{yyyy-MM-dd}.%i.log.gz'.
12:25:23,684 |-INFO in ch.qos.logback.core.rolling.SizeAndTimeBasedFNATP@599f571f - Roll-over at midnight.
12:25:23,701 |-INFO in ch.qos.logback.core.rolling.SizeAndTimeBasedFNATP@599f571f - Setting initial period to 2024-07-16T10:22:57.330Z
12:25:23,701 |-WARN in ch.qos.logback.core.rolling.SizeAndTimeBasedFNATP@599f571f - SizeAndTimeBasedFNATP is deprecated. Use SizeAndTimeBasedRollingPolicy instead
12:25:23,701 |-WARN in ch.qos.logback.core.rolling.SizeAndTimeBasedFNATP@599f571f - For more information see http://logback.qos.ch/manual/appenders.html#SizeAndTimeBasedRollingPolicy
12:25:23,706 |-INFO in ch.qos.logback.core.rolling.RollingFileAppender[FILE] - Active log file name: logs/MacBook-Air-Andrii-2.local.log
12:25:23,706 |-INFO in ch.qos.logback.core.rolling.RollingFileAppender[FILE] - File property is set to [logs/MacBook-Air-Andrii-2.local.log]
12:25:23,708 |-INFO in ch.qos.logback.core.model.processor.AppenderModelHandler - Processing appender named [STDOUT]
12:25:23,708 |-INFO in ch.qos.logback.core.model.processor.AppenderModelHandler - About to instantiate appender of type [ch.qos.logback.core.ConsoleAppender]
12:25:23,711 |-WARN in ch.qos.logback.core.ConsoleAppender[STDOUT] - This appender no longer admits a layout as a sub-component, set an encoder instead.
12:25:23,711 |-WARN in ch.qos.logback.core.ConsoleAppender[STDOUT] - To ensure compatibility, wrapping your layout in LayoutWrappingEncoder.
12:25:23,711 |-WARN in ch.qos.logback.core.ConsoleAppender[STDOUT] - See also http://logback.qos.ch/codes.html#layoutInsteadOfEncoder for details
12:25:23,711 |-INFO in ch.qos.logback.classic.model.processor.LoggerModelHandler - Setting level of logger [com.example.onlineshopproject] to DEBUG
12:25:23,712 |-INFO in ch.qos.logback.classic.jul.LevelChangePropagator@7b60c3e - Propagating DEBUG level on Logger[com.example.onlineshopproject] onto the JUL framework
12:25:23,722 |-INFO in ch.qos.logback.classic.model.processor.LoggerModelHandler - Setting additivity of logger [com.example.onlineshopproject] to false
12:25:23,722 |-INFO in ch.qos.logback.core.model.processor.AppenderRefModelHandler - Attaching appender named [STDOUT] to Logger[com.example.onlineshopproject]
12:25:23,722 |-INFO in ch.qos.logback.core.model.processor.AppenderRefModelHandler - Attaching appender named [FILE] to Logger[com.example.onlineshopproject]
12:25:23,723 |-INFO in ch.qos.logback.classic.model.processor.RootLoggerModelHandler - Setting level of ROOT logger to INFO
12:25:23,723 |-INFO in ch.qos.logback.classic.jul.LevelChangePropagator@7b60c3e - Propagating INFO level on Logger[ROOT] onto the JUL framework
12:25:23,723 |-INFO in ch.qos.logback.core.model.processor.AppenderRefModelHandler - Attaching appender named [STDOUT] to Logger[ROOT]
12:25:23,723 |-INFO in ch.qos.logback.core.model.processor.DefaultProcessor@3fbfa96 - End of configuration.
12:25:23,723 |-INFO in org.springframework.boot.logging.logback.SpringBootJoranConfigurator@6569dded - Registering current configuration as safe fallback point

  .   ____          _            __ _ _
 /\\ / ___'_ __ _ _(_)_ __  __ _ \ \ \ \
( ( )\___ | '_ | '_| | '_ \/ _` | \ \ \ \
 \\/  ___)| |_)| | | | | || (_| |  ) ) ) )
  '  |____| .__|_| |_|_| |_\__, | / / / /
 =========|_|==============|___/=/_/_/_/

2024-07-16 12:25:23.814 | background-preinit        | INFO  | org.hibernate.validator.internal.util.Version                           -       HV000001: Hibernate Validator 8.0.1.Final
 :: Spring Boot ::                (v3.3.0)

2024-07-16 12:25:24.230 | main                      | INFO  | com.example.onlineshopproject.repository.ProductRepositoryTest          -       Starting ProductRepositoryTest using Java 22.0.1 with PID 8866 (started by andrii.vytiahanets in /Users/andrii.vytiahanets/Documents/Tel-Ran_by_Starta_Institute/onlineshopproject)
2024-07-16 12:25:24.232 | main                      | DEBUG | com.example.onlineshopproject.repository.ProductRepositoryTest          -       Running with Spring Boot v3.3.0, Spring v6.1.8
2024-07-16 12:25:24.234 | main                      | INFO  | com.example.onlineshopproject.repository.ProductRepositoryTest          -       The following 1 profile is active: "dev"
2024-07-16 12:25:25.510 | main                      | INFO  | o.s.data.repository.config.RepositoryConfigurationDelegate              -       Bootstrapping Spring Data JPA repositories in DEFAULT mode.
2024-07-16 12:25:25.922 | main                      | INFO  | o.s.data.repository.config.RepositoryConfigurationDelegate              -       Finished Spring Data repository scanning in 393 ms. Found 8 JPA repository interfaces.
2024-07-16 12:25:26.070 | main                      | INFO  | o.s.b.t.a.j.TestDatabaseAutoConfiguration$EmbeddedDataSourceBeanFactoryPostProcessor  -       Replacing 'dataSource' DataSource bean with embedded version
2024-07-16 12:25:26.549 | main                      | INFO  | org.springframework.jdbc.datasource.embedded.EmbeddedDatabaseFactory    -       Starting embedded database: url='jdbc:h2:mem:619e0a47-f489-4ef5-8182-434f39bbcba4;DB_CLOSE_DELAY=-1;DB_CLOSE_ON_EXIT=false', username='sa'
2024-07-16 12:25:28.184 | main                      | INFO  | liquibase.database                                                      -       Set default schema name to PUBLIC
2024-07-16 12:25:29.361 | main                      | INFO  | liquibase.lockservice                                                   -       Successfully acquired change log lock
2024-07-16 12:25:29.412 | main                      | INFO  | liquibase.changelog                                                     -       Creating database history table with name: PUBLIC.DATABASECHANGELOG
2024-07-16 12:25:29.435 | main                      | INFO  | liquibase.command                                                       -       Clearing database change log checksums for database h2
2024-07-16 12:25:29.453 | main                      | INFO  | liquibase.lockservice                                                   -       Successfully released change log lock
2024-07-16 12:25:29.454 | main                      | INFO  | liquibase.command                                                       -       Command execution complete
2024-07-16 12:25:30.434 | main                      | INFO  | liquibase.changelog                                                     -       Reading from PUBLIC.DATABASECHANGELOG
2024-07-16 12:25:30.619 | main                      | INFO  | liquibase.lockservice                                                   -       Successfully acquired change log lock
2024-07-16 12:25:30.621 | main                      | INFO  | liquibase.command                                                       -       Using deploymentId: 1125530620
2024-07-16 12:25:30.625 | main                      | INFO  | liquibase.changelog                                                     -       Reading from PUBLIC.DATABASECHANGELOG
2024-07-16 12:25:30.852 | main                      | INFO  | liquibase.ui                                                            -       Running Changeset: db/changelog/changelogs/users-changelog.xml::1::Andrii
2024-07-16 12:25:30.886 | main                      | INFO  | liquibase.changelog                                                     -       Table Users created
2024-07-16 12:25:30.890 | main                      | INFO  | liquibase.changelog                                                     -       ChangeSet db/changelog/changelogs/users-changelog.xml::1::Andrii ran successfully in 31ms
2024-07-16 12:25:30.946 | main                      | INFO  | liquibase.ui                                                            -       Running Changeset: db/changelog/changelogs/users-changelog.xml::2::Andrii
2024-07-16 12:25:30.966 | main                      | INFO  | liquibase.changelog                                                     -       New row inserted into Users
2024-07-16 12:25:30.970 | main                      | INFO  | liquibase.changelog                                                     -       New row inserted into Users
2024-07-16 12:25:30.996 | main                      | INFO  | liquibase.changelog                                                     -       New row inserted into Users
2024-07-16 12:25:31.006 | main                      | INFO  | liquibase.changelog                                                     -       New row inserted into Users
2024-07-16 12:25:31.009 | main                      | INFO  | liquibase.changelog                                                     -       New row inserted into Users
2024-07-16 12:25:31.010 | main                      | INFO  | liquibase.changelog                                                     -       ChangeSet db/changelog/changelogs/users-changelog.xml::2::Andrii ran successfully in 61ms
2024-07-16 12:25:31.022 | main                      | INFO  | liquibase.ui                                                            -       Running Changeset: db/changelog/changelogs/category-changelog.xml::1::Andrii
2024-07-16 12:25:31.031 | main                      | INFO  | liquibase.changelog                                                     -       Table Categories created
2024-07-16 12:25:31.032 | main                      | INFO  | liquibase.changelog                                                     -       ChangeSet db/changelog/changelogs/category-changelog.xml::1::Andrii ran successfully in 8ms
2024-07-16 12:25:31.040 | main                      | INFO  | liquibase.ui                                                            -       Running Changeset: db/changelog/changelogs/category-changelog.xml::2::Andrii
2024-07-16 12:25:31.044 | main                      | INFO  | liquibase.changelog                                                     -       New row inserted into Categories
2024-07-16 12:25:31.048 | main                      | INFO  | liquibase.changelog                                                     -       New row inserted into Categories
2024-07-16 12:25:31.050 | main                      | INFO  | liquibase.changelog                                                     -       New row inserted into Categories
2024-07-16 12:25:31.053 | main                      | INFO  | liquibase.changelog                                                     -       New row inserted into Categories
2024-07-16 12:25:31.053 | main                      | INFO  | liquibase.changelog                                                     -       ChangeSet db/changelog/changelogs/category-changelog.xml::2::Andrii ran successfully in 12ms
2024-07-16 12:25:31.062 | main                      | INFO  | liquibase.ui                                                            -       Running Changeset: db/changelog/changelogs/product-changelog.xml::1::Andrii
2024-07-16 12:25:31.080 | main                      | INFO  | liquibase.changelog                                                     -       Table Products created
2024-07-16 12:25:31.081 | main                      | INFO  | liquibase.changelog                                                     -       ChangeSet db/changelog/changelogs/product-changelog.xml::1::Andrii ran successfully in 18ms
2024-07-16 12:25:31.132 | main                      | INFO  | liquibase.ui                                                            -       Running Changeset: db/changelog/changelogs/product-changelog.xml::2::Andrii
2024-07-16 12:25:31.170 | main                      | INFO  | liquibase.changelog                                                     -       New row inserted into Products
2024-07-16 12:25:31.228 | main                      | INFO  | liquibase.changelog                                                     -       New row inserted into Products
2024-07-16 12:25:31.241 | main                      | INFO  | liquibase.changelog                                                     -       New row inserted into Products
2024-07-16 12:25:31.253 | main                      | INFO  | liquibase.changelog                                                     -       New row inserted into Products
2024-07-16 12:25:31.272 | main                      | INFO  | liquibase.changelog                                                     -       New row inserted into Products
2024-07-16 12:25:31.273 | main                      | INFO  | liquibase.changelog                                                     -       ChangeSet db/changelog/changelogs/product-changelog.xml::2::Andrii ran successfully in 139ms
2024-07-16 12:25:31.282 | main                      | INFO  | liquibase.ui                                                            -       Running Changeset: db/changelog/changelogs/favorites-changelog.xml::1::Andrii
2024-07-16 12:25:31.292 | main                      | INFO  | liquibase.changelog                                                     -       Table Favorites created
2024-07-16 12:25:31.293 | main                      | INFO  | liquibase.changelog                                                     -       ChangeSet db/changelog/changelogs/favorites-changelog.xml::1::Andrii ran successfully in 10ms
2024-07-16 12:25:31.307 | main                      | INFO  | liquibase.ui                                                            -       Running Changeset: db/changelog/changelogs/favorites-changelog.xml::2::Andrii
2024-07-16 12:25:31.347 | main                      | INFO  | liquibase.changelog                                                     -       New row inserted into Favorites
2024-07-16 12:25:31.353 | main                      | INFO  | liquibase.changelog                                                     -       ChangeSet db/changelog/changelogs/favorites-changelog.xml::2::Andrii ran successfully in 40ms
2024-07-16 12:25:31.386 | main                      | INFO  | liquibase.ui                                                            -       Running Changeset: db/changelog/changelogs/cart-changelog.xml::1::Andrii
2024-07-16 12:25:31.428 | main                      | INFO  | liquibase.changelog                                                     -       Table Cart created
2024-07-16 12:25:31.428 | main                      | INFO  | liquibase.changelog                                                     -       ChangeSet db/changelog/changelogs/cart-changelog.xml::1::Andrii ran successfully in 41ms
2024-07-16 12:25:31.432 | main                      | INFO  | liquibase.ui                                                            -       Running Changeset: db/changelog/changelogs/cart-changelog.xml::2::Andrii
2024-07-16 12:25:31.439 | main                      | INFO  | liquibase.changelog                                                     -       New row inserted into Cart
2024-07-16 12:25:31.441 | main                      | INFO  | liquibase.changelog                                                     -       ChangeSet db/changelog/changelogs/cart-changelog.xml::2::Andrii ran successfully in 8ms
2024-07-16 12:25:31.445 | main                      | INFO  | liquibase.ui                                                            -       Running Changeset: db/changelog/changelogs/cartItems-changelog.xml::1::Andrii
2024-07-16 12:25:31.462 | main                      | INFO  | liquibase.changelog                                                     -       Table CartItems created
2024-07-16 12:25:31.462 | main                      | INFO  | liquibase.changelog                                                     -       ChangeSet db/changelog/changelogs/cartItems-changelog.xml::1::Andrii ran successfully in 17ms
2024-07-16 12:25:31.468 | main                      | INFO  | liquibase.ui                                                            -       Running Changeset: db/changelog/changelogs/orders-changelog.xml::1::Andrii
2024-07-16 12:25:31.483 | main                      | INFO  | liquibase.changelog                                                     -       Table Orders created
2024-07-16 12:25:31.484 | main                      | INFO  | liquibase.changelog                                                     -       ChangeSet db/changelog/changelogs/orders-changelog.xml::1::Andrii ran successfully in 15ms
2024-07-16 12:25:31.498 | main                      | INFO  | liquibase.ui                                                            -       Running Changeset: db/changelog/changelogs/orders-changelog.xml::2::Andrii
2024-07-16 12:25:31.505 | main                      | INFO  | liquibase.changelog                                                     -       New row inserted into Orders
2024-07-16 12:25:31.508 | main                      | INFO  | liquibase.changelog                                                     -       New row inserted into Orders
2024-07-16 12:25:31.509 | main                      | INFO  | liquibase.changelog                                                     -       New row inserted into Orders
2024-07-16 12:25:31.512 | main                      | INFO  | liquibase.changelog                                                     -       New row inserted into Orders
2024-07-16 12:25:31.513 | main                      | INFO  | liquibase.changelog                                                     -       ChangeSet db/changelog/changelogs/orders-changelog.xml::2::Andrii ran successfully in 15ms
2024-07-16 12:25:31.526 | main                      | INFO  | liquibase.ui                                                            -       Running Changeset: db/changelog/changelogs/orderItems-changelog.xml::1::Andrii
2024-07-16 12:25:31.543 | main                      | INFO  | liquibase.changelog                                                     -       Table OrderItems created
2024-07-16 12:25:31.544 | main                      | INFO  | liquibase.changelog                                                     -       ChangeSet db/changelog/changelogs/orderItems-changelog.xml::1::Andrii ran successfully in 18ms
2024-07-16 12:25:31.568 | main                      | INFO  | liquibase.ui                                                            -       Running Changeset: db/changelog/changelogs/orderItems-changelog.xml::2::Andrii
2024-07-16 12:25:31.584 | main                      | INFO  | liquibase.changelog                                                     -       New row inserted into OrderItems
2024-07-16 12:25:31.591 | main                      | INFO  | liquibase.changelog                                                     -       New row inserted into OrderItems
2024-07-16 12:25:31.594 | main                      | INFO  | liquibase.changelog                                                     -       New row inserted into OrderItems
2024-07-16 12:25:31.647 | main                      | INFO  | liquibase.changelog                                                     -       New row inserted into OrderItems
2024-07-16 12:25:31.664 | main                      | INFO  | liquibase.changelog                                                     -       New row inserted into OrderItems
2024-07-16 12:25:31.665 | main                      | INFO  | liquibase.changelog                                                     -       ChangeSet db/changelog/changelogs/orderItems-changelog.xml::2::Andrii ran successfully in 96ms
2024-07-16 12:25:31.675 | main                      | INFO  | liquibase.ui                                                            -       Running Changeset: db/changelog/changelogs/productcount-changelog.xml::1::Andrii
2024-07-16 12:25:31.681 | main                      | INFO  | liquibase.changelog                                                     -       Table ProductCount created
2024-07-16 12:25:31.682 | main                      | INFO  | liquibase.changelog                                                     -       ChangeSet db/changelog/changelogs/productcount-changelog.xml::1::Andrii ran successfully in 7ms
2024-07-16 12:25:31.686 | main                      | INFO  | liquibase.ui                                                            -       Running Changeset: db/changelog/changelogs/productcount-changelog.xml::2::Andrii
2024-07-16 12:25:31.689 | main                      | INFO  | liquibase.changelog                                                     -       New row inserted into ProductCount
2024-07-16 12:25:31.690 | main                      | INFO  | liquibase.changelog                                                     -       ChangeSet db/changelog/changelogs/productcount-changelog.xml::2::Andrii ran successfully in 4ms
2024-07-16 12:25:31.709 | main                      | INFO  | liquibase.util                                                          -       UPDATE SUMMARY
2024-07-16 12:25:31.710 | main                      | INFO  | liquibase.util                                                          -       Run:                         17
2024-07-16 12:25:31.710 | main                      | INFO  | liquibase.util                                                          -       Previously run:               0
2024-07-16 12:25:31.710 | main                      | INFO  | liquibase.util                                                          -       Filtered out:                 0
2024-07-16 12:25:31.711 | main                      | INFO  | liquibase.util                                                          -       -------------------------------
2024-07-16 12:25:31.711 | main                      | INFO  | liquibase.util                                                          -       Total change sets:           17
2024-07-16 12:25:31.713 | main                      | INFO  | liquibase.util                                                          -       Update summary generated
2024-07-16 12:25:31.720 | main                      | INFO  | liquibase.command                                                       -       Update command completed successfully.
2024-07-16 12:25:31.721 | main                      | INFO  | liquibase.ui                                                            -       Liquibase: Update has been successful. Rows affected: 43
2024-07-16 12:25:31.723 | main                      | INFO  | liquibase.lockservice                                                   -       Successfully released change log lock
2024-07-16 12:25:31.724 | main                      | INFO  | liquibase.command                                                       -       Command execution complete
2024-07-16 12:25:32.093 | main                      | INFO  | org.hibernate.jpa.internal.util.LogHelper                               -       HHH000204: Processing PersistenceUnitInfo [name: default]
2024-07-16 12:25:32.215 | main                      | INFO  | org.hibernate.Version                                                   -       HHH000412: Hibernate ORM core version 6.5.2.Final
2024-07-16 12:25:32.274 | main                      | INFO  | org.hibernate.cache.internal.RegionFactoryInitiator                     -       HHH000026: Second-level cache disabled
2024-07-16 12:25:33.041 | main                      | INFO  | org.springframework.orm.jpa.persistenceunit.SpringPersistenceUnitInfo   -       No LoadTimeWeaver setup: ignoring JPA class transformer
2024-07-16 12:25:35.845 | main                      | INFO  | o.h.engine.transaction.jta.platform.internal.JtaPlatformInitiator       -       HHH000489: No JTA platform available (set 'hibernate.transaction.jta.platform' to enable JTA platform integration)
2024-07-16 12:25:35.855 | main                      | INFO  | org.springframework.orm.jpa.LocalContainerEntityManagerFactoryBean      -       Initialized JPA EntityManagerFactory for persistence unit 'default'
2024-07-16 12:25:36.786 | main                      | INFO  | org.springframework.data.jpa.repository.query.QueryEnhancerFactory      -       Hibernate is in classpath; If applicable, HQL parser will be used.
2024-07-16 12:25:37.828 | main                      | INFO  | com.example.onlineshopproject.repository.ProductRepositoryTest          -       Started ProductRepositoryTest in 15.182 seconds (process running for 18.071)
Hibernate: select pe1_0.ProductID,cies1_0.ProductID,cies1_0.CartItemID,cies1_0.CartID,cies1_0.Quantity,pe1_0.CategoryID,pe1_0.CreatedAt,pe1_0.Description,pe1_0.DiscountPrice,pe1_0.imageURL,pe1_0.Name,pe1_0.Price,pe1_0.UpdatedAt from Products pe1_0 left join CartItems cies1_0 on pe1_0.ProductID=cies1_0.ProductID where pe1_0.ProductID=?
Hibernate: select oies1_0.ProductId,oies1_0.OrderItemID,oies1_0.orderId,oies1_0.priceAtPurchase,oies1_0.quantity from OrderItems oies1_0 where oies1_0.ProductId=?
Hibernate: select fes1_0.ProductID,fes1_0.FavoriteID,fes1_0.UserID from Favorites fes1_0 where fes1_0.ProductID=?
]]></system-out>
    <system-err><![CDATA[WARNING: A Java agent has been loaded dynamically (/Users/andrii.vytiahanets/.m2/repository/net/bytebuddy/byte-buddy-agent/1.14.16/byte-buddy-agent-1.14.16.jar)
WARNING: If a serviceability tool is in use, please run with -XX:+EnableDynamicAgentLoading to hide this warning
WARNING: If a serviceability tool is not in use, please run with -Djdk.instrument.traceUsage for more information
WARNING: Dynamic loading of agents will be disallowed by default in a future release
]]></system-err>
  </testcase>
  <testcase name="getAll" classname="com.example.onlineshopproject.repository.ProductRepositoryTest" time="0.016">
    <system-out><![CDATA[Hibernate: select pe1_0.ProductID,pe1_0.CategoryID,pe1_0.CreatedAt,pe1_0.Description,pe1_0.DiscountPrice,pe1_0.imageURL,pe1_0.Name,pe1_0.Price,pe1_0.UpdatedAt from Products pe1_0 where pe1_0.ProductID=?
]]></system-out>
  </testcase>
  <testcase name="insert" classname="com.example.onlineshopproject.repository.ProductRepositoryTest" time="0.031">
    <system-out><![CDATA[Hibernate: select pe1_0.ProductID,cies1_0.ProductID,cies1_0.CartItemID,cies1_0.CartID,cies1_0.Quantity,pe1_0.CategoryID,pe1_0.CreatedAt,pe1_0.Description,pe1_0.DiscountPrice,pe1_0.imageURL,pe1_0.Name,pe1_0.Price,pe1_0.UpdatedAt from Products pe1_0 left join CartItems cies1_0 on pe1_0.ProductID=cies1_0.ProductID where pe1_0.ProductID=?
Hibernate: select oies1_0.ProductId,oies1_0.OrderItemID,oies1_0.orderId,oies1_0.priceAtPurchase,oies1_0.quantity from OrderItems oies1_0 where oies1_0.ProductId=?
Hibernate: select fes1_0.ProductID,fes1_0.FavoriteID,fes1_0.UserID from Favorites fes1_0 where fes1_0.ProductID=?
]]></system-out>
  </testcase>
  <testcase name="edit" classname="com.example.onlineshopproject.repository.ProductRepositoryTest" time="0.021">
    <system-out><![CDATA[Hibernate: select pe1_0.ProductID,pe1_0.CategoryID,pe1_0.CreatedAt,pe1_0.Description,pe1_0.DiscountPrice,pe1_0.imageURL,pe1_0.Name,pe1_0.Price,pe1_0.UpdatedAt from Products pe1_0 where pe1_0.ProductID=?
]]></system-out>
  </testcase>
</testsuite>